{"data":null,"errors":[],"level":"error","message":"jwt expired","statusCode":500,"success":false,"timestamp":"2024-02-24T07:33:21.672Z"}
{"data":null,"errors":[],"level":"error","message":"no user found","statusCode":404,"success":false,"timestamp":"2024-02-24T07:34:16.198Z"}
{"data":null,"errors":[],"level":"error","message":"no category found","statusCode":404,"success":false,"timestamp":"2024-02-24T07:45:15.301Z"}
{"data":null,"errors":[],"level":"error","message":"no subcategory found","statusCode":404,"success":false,"timestamp":"2024-02-24T07:45:53.882Z"}
{"data":null,"errors":[],"level":"error","message":"no subcategory found","statusCode":404,"success":false,"timestamp":"2024-02-24T07:46:33.053Z"}
{"data":null,"errors":[],"level":"error","message":"jwt expired","statusCode":500,"success":false,"timestamp":"2024-02-24T09:18:58.093Z"}
{"data":null,"errors":[],"level":"error","message":"req.body.name.toLowercase is not a function","statusCode":500,"success":false,"timestamp":"2024-02-24T09:19:43.794Z"}
{"data":null,"errors":[],"level":"error","message":"product.toLowerCase is not a function","statusCode":500,"success":false,"timestamp":"2024-02-24T09:30:28.614Z"}
{"data":null,"errors":[],"level":"error","message":"error while uploading image","statusCode":400,"success":false,"timestamp":"2024-02-24T09:44:44.312Z"}
{"data":null,"errors":[],"level":"error","message":"The \"path\" argument must be of type string. Received an instance of Object","statusCode":500,"success":false,"timestamp":"2024-02-24T09:59:11.578Z"}
{"data":null,"errors":[],"level":"error","message":"Invalid Signature c8ceb78737667ee21f97606f23ae587dad21167d. String to sign - 'timestamp=1708768792'.","statusCode":500,"success":false,"timestamp":"2024-02-24T09:59:54.606Z"}
{"data":null,"errors":[],"level":"error","message":"jwt expired","statusCode":500,"success":false,"timestamp":"2024-02-25T07:29:33.210Z"}
{"data":null,"errors":[],"level":"error","message":"Invalid Signature 78d2f9b3730aacaa8d9235bef24212f58c76a53b. String to sign - 'timestamp=1708847650'.","statusCode":500,"success":false,"timestamp":"2024-02-25T07:54:12.752Z"}
{"data":null,"errors":[],"level":"error","message":"jwt expired","statusCode":500,"success":false,"timestamp":"2024-02-25T08:58:01.967Z"}
{"data":null,"errors":[],"level":"error","message":"fs.createReadStream is not a function","statusCode":500,"success":false,"timestamp":"2024-02-25T09:18:28.709Z"}
{"data":null,"errors":[],"level":"error","message":"path is not defined","statusCode":500,"success":false,"timestamp":"2024-02-25T09:21:02.995Z"}
{"data":null,"errors":[],"level":"error","message":"path is not defined","statusCode":500,"success":false,"timestamp":"2024-02-25T09:21:24.398Z"}
{"data":null,"errors":[],"level":"error","message":"path is not defined","statusCode":500,"success":false,"timestamp":"2024-02-25T09:22:00.674Z"}
{"data":null,"errors":[],"level":"error","message":"path is not defined","statusCode":500,"success":false,"timestamp":"2024-02-25T09:22:18.574Z"}
{"data":null,"errors":[],"level":"error","message":"no image found","statusCode":404,"success":false,"timestamp":"2024-02-25T09:38:45.253Z"}
{"data":null,"errors":[],"level":"error","message":"cart Not Found","statusCode":404,"success":false,"timestamp":"2024-02-25T09:50:41.979Z"}
{"data":null,"errors":[],"level":"error","message":"jwt expired","statusCode":500,"success":false,"timestamp":"2024-02-25T10:02:17.400Z"}
{"data":null,"errors":[],"level":"error","message":"cart Not Found","statusCode":404,"success":false,"timestamp":"2024-02-25T10:07:01.239Z"}
{"data":null,"errors":[],"level":"error","message":"cart Not Found","statusCode":404,"success":false,"timestamp":"2024-02-25T10:07:51.971Z"}
{"data":null,"errors":[],"level":"error","message":"product remove from the cart","statusCode":404,"success":false,"timestamp":"2024-02-25T10:13:12.846Z"}
{"data":null,"errors":[],"level":"error","message":"Api not found","statusCode":404,"success":false,"timestamp":"2024-02-25T19:26:35.906Z"}
{"data":null,"errors":[],"level":"error","message":"Cannot read properties of undefined (reading 'create')","statusCode":500,"success":false,"timestamp":"2024-02-25T19:26:47.880Z"}
{"data":null,"errors":[],"level":"error","message":"Cannot read properties of undefined (reading 'create')","statusCode":500,"success":false,"timestamp":"2024-02-25T19:27:27.088Z"}
{"data":null,"errors":[],"level":"error","message":"\nInvalid `prisma.coupon.create()` invocation:\n\n{\n  data: {\n    coupon_code: \"NEW USER\",\n    description: \"new description\",\n    discount: 10,\n    max_discount_amount: 200,\n    total_coupons: 100,\n    validity: \"25-10-2012\",\n+   coupon_per_user: Int\n  }\n}\n\nArgument `coupon_per_user` is missing.","statusCode":500,"success":false,"timestamp":"2024-02-25T19:29:10.687Z"}
{"data":null,"errors":[],"level":"error","message":"\nInvalid `prisma.coupon.create()` invocation:\n\n{\n  data: {\n    coupon_code: \"NEW USER\",\n    description: \"new description\",\n    discount: 10,\n    coupon_per_user: 1,\n    max_discount_amount: 200,\n    total_coupons: 100,\n    validity: \"25-10-2012\"\n              ~~~~~~~~~~~~\n  }\n}\n\nInvalid value for argument `validity`: input contains invalid characters. Expected ISO-8601 DateTime.","statusCode":500,"success":false,"timestamp":"2024-02-25T19:29:52.993Z"}
{"data":null,"errors":[],"level":"error","message":"\nInvalid `prisma.coupon.create()` invocation:\n\n{\n  data: {\n    coupon_code: \"NEW USER\",\n    description: \"new description\",\n    discount: 10,\n    coupon_per_user: 1,\n    max_discount_amount: 200,\n    total_coupons: 100,\n    validity: new Date(\"Invalid Date\")\n              ~~~~~~~~~~~~~~~~~~~~~~~~\n  }\n}\n\nInvalid value for argument `validity`: Provided Date object is invalid. Expected Date.","statusCode":500,"success":false,"timestamp":"2024-02-25T19:32:34.458Z"}
{"data":null,"errors":[],"level":"error","message":"\nInvalid `prisma.coupon.create()` invocation:\n\n{\n  data: {\n    coupon_code: \"NEW USER\",\n    description: \"new description\",\n    discount: 10,\n    coupon_per_user: 1,\n    max_discount_amount: 200,\n    total_coupons: 100,\n    validity: new Date(\"Invalid Date\")\n              ~~~~~~~~~~~~~~~~~~~~~~~~\n  }\n}\n\nInvalid value for argument `validity`: Provided Date object is invalid. Expected Date.","statusCode":500,"success":false,"timestamp":"2024-02-25T19:32:57.308Z"}
{"data":null,"errors":[],"level":"error","message":"\nInvalid `prisma.coupon.create()` invocation:\n\n{\n  data: {\n    coupon_code: \"NEW USER\",\n    description: \"new description\",\n    discount: 10,\n    coupon_per_user: 1,\n    max_discount_amount: 200,\n    total_coupons: 100,\n+   validity: DateTime\n  }\n}\n\nArgument `validity` is missing.","statusCode":500,"success":false,"timestamp":"2024-02-25T19:33:48.493Z"}
{"data":null,"errors":[],"level":"error","message":"\nInvalid `prisma.coupon.create()` invocation:\n\n{\n  data: {\n    coupon_code: \"NEW USER\",\n    description: \"new description\",\n    discount: 10,\n    coupon_per_user: 1,\n    max_discount_amount: 200,\n    total_coupons: 100,\n+   validity: DateTime\n  }\n}\n\nArgument `validity` is missing.","statusCode":500,"success":false,"timestamp":"2024-02-25T19:36:24.643Z"}
{"data":null,"errors":[],"level":"error","message":"Cannot set headers after they are sent to the client","statusCode":500,"success":false,"timestamp":"2024-02-25T19:37:31.731Z"}
{"data":null,"errors":[],"level":"error","message":"\nInvalid `prisma.coupon.create()` invocation:\n\n\nUnique constraint failed on the fields: (`coupon_code`)","statusCode":500,"success":false,"timestamp":"2024-02-25T19:37:47.770Z"}
{"data":null,"errors":[],"level":"error","message":"\nInvalid `prisma.coupon.create()` invocation:\n\n\nUnique constraint failed on the fields: (`coupon_code`)","statusCode":500,"success":false,"timestamp":"2024-02-25T19:39:25.345Z"}
{"data":null,"errors":[],"level":"error","message":"jwt expired","statusCode":500,"success":false,"timestamp":"2024-02-26T04:12:32.300Z"}
{"data":null,"errors":[],"level":"error","message":"coupon not found","statusCode":404,"success":false,"timestamp":"2024-02-26T04:14:21.284Z"}
{"data":null,"errors":[],"level":"error","message":"coupon not found","statusCode":404,"success":false,"timestamp":"2024-02-26T04:18:32.442Z"}
{"data":null,"errors":[],"level":"error","message":"coupon not found","statusCode":404,"success":false,"timestamp":"2024-02-26T04:19:05.722Z"}
{"data":null,"errors":[],"level":"error","message":"coupon not found","statusCode":404,"success":false,"timestamp":"2024-02-26T04:20:41.962Z"}
{"data":null,"errors":[],"level":"error","message":"coupon not found","statusCode":404,"success":false,"timestamp":"2024-02-26T04:21:21.953Z"}
{"data":null,"errors":[],"level":"error","message":"coupon not found","statusCode":404,"success":false,"timestamp":"2024-02-26T04:22:10.440Z"}
{"data":null,"errors":[],"level":"error","message":"\nInvalid `prisma.coupon.findUnique()` invocation:\n\n{\n  where: {\n    coupon_code: \"NEW USER\",\n?   id?: String,\n?   AND?: CouponWhereInput | CouponWhereInput[],\n?   OR?: CouponWhereInput[],\n?   NOT?: CouponWhereInput | CouponWhereInput[],\n?   description?: StringFilter | String,\n?   discount?: FloatFilter | Float,\n?   max_discount_amount?: FloatNullableFilter | Float | Null,\n?   total_coupons?: IntFilter | Int,\n?   used_coupons?: IntFilter | Int,\n?   coupon_per_user?: IntFilter | Int,\n?   validity?: DateTimeFilter | DateTime,\n?   is_published?: BoolFilter | Boolean,\n?   is_expired?: BoolFilter | Boolean,\n?   order?: OrderListRelationFilter\n  }\n}\n\nArgument `where` of type CouponWhereUniqueInput needs at least one of `id` or `id` arguments. Available options are marked with ?.","statusCode":500,"success":false,"timestamp":"2024-02-26T04:24:38.802Z"}
{"data":null,"errors":[],"level":"error","message":"coupon with this code already exists","statusCode":400,"success":false,"timestamp":"2024-02-26T04:25:03.177Z"}
{"data":null,"errors":[],"level":"error","message":"\nInvalid `prisma.coupon.update()` invocation:\n\n{\n  where: {\n    id: \"230bc14f-40b5-46fb-9d5b-fe9ff5f80ce6\"\n  },\n  data: {\n    coupon_code: \"HAPPY NEW YEAR\",\n    is_publihsed: true,\n    ~~~~~~~~~~~~\n?   id?: String | StringFieldUpdateOperationsInput,\n?   description?: String | StringFieldUpdateOperationsInput,\n?   discount?: Float | FloatFieldUpdateOperationsInput,\n?   max_discount_amount?: Float | NullableFloatFieldUpdateOperationsInput | Null,\n?   total_coupons?: Int | IntFieldUpdateOperationsInput,\n?   used_coupons?: Int | IntFieldUpdateOperationsInput,\n?   coupon_per_user?: Int | IntFieldUpdateOperationsInput,\n?   validity?: DateTime | DateTimeFieldUpdateOperationsInput,\n?   is_published?: Boolean | BoolFieldUpdateOperationsInput,\n?   is_expired?: Boolean | BoolFieldUpdateOperationsInput,\n?   order?: OrderUpdateManyWithoutCouponNestedInput\n  }\n}\n\nUnknown argument `is_publihsed`. Did you mean `is_published`? Available options are marked with ?.","statusCode":500,"success":false,"timestamp":"2024-02-26T04:26:50.542Z"}
{"data":null,"errors":[],"level":"error","message":"coupon not found","statusCode":404,"success":false,"timestamp":"2024-02-26T07:03:36.943Z"}
{"data":null,"errors":[],"level":"error","message":"coupon not found","statusCode":404,"success":false,"timestamp":"2024-02-26T07:04:08.731Z"}
{"data":null,"errors":[],"level":"error","message":"You can't use this coupon","statusCode":400,"success":false,"timestamp":"2024-02-26T07:04:13.673Z"}
{"data":null,"errors":[],"level":"error","message":"coupon not found","statusCode":404,"success":false,"timestamp":"2024-02-26T07:04:53.908Z"}
{"data":null,"errors":[],"level":"error","message":"\nInvalid `prisma.order.findUnique()` invocation:\n\n{\n  where: {\n    user_id: \"e1eb750a-1041-4a20-8f0a-fbf8b2b4008a\",\n    coupon_id: \"7d75bc0d-1a47-4c5f-861b-f26c3c3fb0b8\",\n?   id?: String,\n?   AND?: OrderWhereInput | OrderWhereInput[],\n?   OR?: OrderWhereInput[],\n?   NOT?: OrderWhereInput | OrderWhereInput[],\n?   address_id?: StringFilter | String,\n?   razorpay_order_id?: StringFilter | String,\n?   razorpay_payment_id?: StringFilter | String,\n?   razorpay_signature?: StringFilter | String,\n?   payment_time?: DateTimeFilter | DateTime,\n?   products?: JsonNullableListFilter,\n?   amount?: FloatFilter | Float,\n?   invoice_no?: StringFilter | String,\n?   status?: EnumPaymentStatusFilter | PaymentStatus,\n?   order_status?: EnumOrderStatusFilter | OrderStatus,\n?   created_at?: DateTimeFilter | DateTime,\n?   user?: UserRelationFilter | UserWhereInput,\n?   address?: AddressRelationFilter | AddressWhereInput,\n?   coupon?: CouponRelationFilter | CouponWhereInput\n  }\n}\n\nArgument `where` of type OrderWhereUniqueInput needs at least one of `id` or `id` arguments. Available options are marked with ?.","statusCode":500,"success":false,"timestamp":"2024-02-26T07:05:30.754Z"}
{"data":null,"errors":[],"level":"error","message":"\nInvalid `prisma.order.findUnique()` invocation:\n\n{\n  where: {\n    user_id: \"e1eb750a-1041-4a20-8f0a-fbf8b2b4008a\",\n    coupon_id: \"7d75bc0d-1a47-4c5f-861b-f26c3c3fb0b8\",\n?   id?: String,\n?   AND?: OrderWhereInput | OrderWhereInput[],\n?   OR?: OrderWhereInput[],\n?   NOT?: OrderWhereInput | OrderWhereInput[],\n?   address_id?: StringFilter | String,\n?   razorpay_order_id?: StringFilter | String,\n?   razorpay_payment_id?: StringFilter | String,\n?   razorpay_signature?: StringFilter | String,\n?   payment_time?: DateTimeFilter | DateTime,\n?   products?: JsonNullableListFilter,\n?   amount?: FloatFilter | Float,\n?   invoice_no?: StringFilter | String,\n?   status?: EnumPaymentStatusFilter | PaymentStatus,\n?   order_status?: EnumOrderStatusFilter | OrderStatus,\n?   created_at?: DateTimeFilter | DateTime,\n?   user?: UserRelationFilter | UserWhereInput,\n?   address?: AddressRelationFilter | AddressWhereInput,\n?   coupon?: CouponRelationFilter | CouponWhereInput\n  }\n}\n\nArgument `where` of type OrderWhereUniqueInput needs at least one of `id` or `id` arguments. Available options are marked with ?.","statusCode":500,"success":false,"timestamp":"2024-02-26T07:05:52.653Z"}
{"data":null,"errors":[],"level":"error","message":"Something went wrong","statusCode":400,"success":false,"timestamp":"2024-02-26T07:28:21.205Z"}
{"data":null,"errors":[],"level":"error","message":"req.body.product is not iterable","statusCode":500,"success":false,"timestamp":"2024-02-26T07:29:36.331Z"}
{"data":null,"errors":[],"level":"error","message":"\nInvalid `prisma.order.create()` invocation:\n\n{\n  data: {\n    user_id: \"e1eb750a-1041-4a20-8f0a-fbf8b2b4008a\",\n    address_id: \"6e8b9c3c-cca3-4a9f-85c7-4ac202eb89aa\",\n    amount: 8791,\n    products: [\n      {\n        product_id: \"1657d662-65b7-4cf1-9771-83d428546f5c\",\n        size: \"L\",\n        colour: \"red\",\n        quantity: 2\n      }\n    ],\n    razorpay_order_id: \"order_NfQTntLHuaTyzB\",\n    invoice_no: \"BRUN/622607/2023-2024\",\n    coupon_id: \"7d75bc0d-1a47-4c5f-861b-f26c3c3fb0b8\",\n+   razorpay_payment_id: String\n  }\n}\n\nArgument `razorpay_payment_id` is missing.","statusCode":500,"success":false,"timestamp":"2024-02-26T07:29:49.604Z"}
{"data":null,"errors":[],"level":"error","message":"\nInvalid `prisma.order.create()` invocation:\n\n{\n  data: {\n    user_id: \"e1eb750a-1041-4a20-8f0a-fbf8b2b4008a\",\n    address_id: \"6e8b9c3c-cca3-4a9f-85c7-4ac202eb89aa\",\n    amount: 8791,\n    products: [\n      {\n        product_id: \"1657d662-65b7-4cf1-9771-83d428546f5c\",\n        size: \"L\",\n        colour: \"red\",\n        quantity: 2\n      }\n    ],\n    razorpay_order_id: \"order_NfQV4nc7n3b6Oe\",\n    invoice_no: \"BRUN/2246356/2023-2024\",\n    coupon_id: \"7d75bc0d-1a47-4c5f-861b-f26c3c3fb0b8\",\n+   razorpay_payment_id: String\n  }\n}\n\nArgument `razorpay_payment_id` is missing.","statusCode":500,"success":false,"timestamp":"2024-02-26T07:31:01.885Z"}
{"data":null,"errors":[],"level":"error","message":"\nInvalid `prisma.order.create()` invocation:\n\n{\n  data: {\n    user_id: \"e1eb750a-1041-4a20-8f0a-fbf8b2b4008a\",\n    address_id: \"6e8b9c3c-cca3-4a9f-85c7-4ac202eb89aa\",\n    amount: 8791,\n    products: [\n      {\n        product_id: \"1657d662-65b7-4cf1-9771-83d428546f5c\",\n        size: \"L\",\n        colour: \"red\",\n        quantity: 2\n      }\n    ],\n    razorpay_order_id: \"order_NfQVogGNs9stV8\",\n    invoice_no: \"BRUN/8099822/2023-2024\",\n    coupon_id: \"7d75bc0d-1a47-4c5f-861b-f26c3c3fb0b8\",\n+   razorpay_payment_id: String\n  }\n}\n\nArgument `razorpay_payment_id` is missing.","statusCode":500,"success":false,"timestamp":"2024-02-26T07:31:43.912Z"}
{"data":null,"errors":[],"level":"error","message":"\nInvalid `prisma.order.findMany()` invocation:\n\n{\n  include: {\n    user: {\n      select: {\n        first_name: true,\n        last_name: true,\n        email: true\n      }\n    },\n    coupon: {\n      coupon_code: true,\n      ~~~~~~~~~~~\n?     where?: CouponWhereInput\n    },\n    address: true\n  },\n  where: {}\n}\n\nUnknown argument `coupon_code`. Available options are marked with ?.","statusCode":500,"success":false,"timestamp":"2024-02-26T07:44:44.005Z"}
{"data":null,"errors":[],"level":"error","message":"invalid request body","statusCode":400,"success":false,"timestamp":"2024-02-26T07:48:44.777Z"}
{"data":null,"errors":[],"level":"error","message":"\nInvalid `prisma.order.update()` invocation:\n\n{\n  where: {\n    razorpay_order_id: \"order_NfQW6gn2IEYOkn\",\n?   id?: String,\n?   AND?: OrderWhereInput | OrderWhereInput[],\n?   OR?: OrderWhereInput[],\n?   NOT?: OrderWhereInput | OrderWhereInput[],\n?   user_id?: StringFilter | String,\n?   address_id?: StringFilter | String,\n?   razorpay_payment_id?: StringNullableFilter | String | Null,\n?   razorpay_signature?: StringNullableFilter | String | Null,\n?   payment_time?: DateTimeNullableFilter | DateTime | Null,\n?   products?: JsonNullableListFilter,\n?   amount?: FloatFilter | Float,\n?   coupon_id?: StringNullableFilter | String | Null,\n?   invoice_no?: StringFilter | String,\n?   status?: EnumPaymentStatusFilter | PaymentStatus,\n?   order_status?: EnumOrderStatusFilter | OrderStatus,\n?   created_at?: DateTimeFilter | DateTime,\n?   user?: UserRelationFilter | UserWhereInput,\n?   address?: AddressRelationFilter | AddressWhereInput,\n?   coupon?: CouponNullableRelationFilter | CouponWhereInput | Null\n  },\n  data: {\n    status: \"failed\",\n    order_status: \"Cancelled\"\n  }\n}\n\nArgument `where` of type OrderWhereUniqueInput needs at least one of `id` or `id` arguments. Available options are marked with ?.","statusCode":500,"success":false,"timestamp":"2024-02-26T07:50:16.420Z"}
{"data":null,"errors":[],"level":"error","message":"\nInvalid `prisma.order.findUnique()` invocation:\n\n{\n  where: {\n    razorpay_order_id: \"order_NfQW6gn2IEYOkn\",\n?   id?: String,\n?   AND?: OrderWhereInput | OrderWhereInput[],\n?   OR?: OrderWhereInput[],\n?   NOT?: OrderWhereInput | OrderWhereInput[],\n?   user_id?: StringFilter | String,\n?   address_id?: StringFilter | String,\n?   razorpay_payment_id?: StringNullableFilter | String | Null,\n?   razorpay_signature?: StringNullableFilter | String | Null,\n?   payment_time?: DateTimeNullableFilter | DateTime | Null,\n?   products?: JsonNullableListFilter,\n?   amount?: FloatFilter | Float,\n?   coupon_id?: StringNullableFilter | String | Null,\n?   invoice_no?: StringFilter | String,\n?   status?: EnumPaymentStatusFilter | PaymentStatus,\n?   order_status?: EnumOrderStatusFilter | OrderStatus,\n?   created_at?: DateTimeFilter | DateTime,\n?   user?: UserRelationFilter | UserWhereInput,\n?   address?: AddressRelationFilter | AddressWhereInput,\n?   coupon?: CouponNullableRelationFilter | CouponWhereInput | Null\n  }\n}\n\nArgument `where` of type OrderWhereUniqueInput needs at least one of `id` or `id` arguments. Available options are marked with ?.","statusCode":500,"success":false,"timestamp":"2024-02-26T07:53:48.443Z"}
{"data":null,"errors":[],"level":"error","message":"order details not found","statusCode":400,"success":false,"timestamp":"2024-02-26T07:58:59.086Z"}
{"data":null,"errors":[],"level":"error","message":"can't perform this action","statusCode":400,"success":false,"timestamp":"2024-02-26T07:59:46.653Z"}
{"data":null,"errors":[],"level":"error","message":"can't perform this action","statusCode":403,"success":false,"timestamp":"2024-02-26T08:00:06.348Z"}
{"data":null,"errors":[],"level":"error","message":"\nInvalid `prisma.product.findMany()` invocation:\n\n{\n  include: {\n  ~~~~~~~\n    image: true,\n    category: true,\n    subcategory: true\n  },\n  select: {\n  ~~~~~~\n    colours: false,\n    sizes: false,\n    description: false,\n    subcategory: false,\n    category: false,\n    subcategory_id: false,\n    category_id: false,\n    is_featured: false,\n    out_of_stock: false,\n    is_published: false\n  },\n  skip: 0,\n  take: 10\n}\n\nPlease either use `include` or `select`, but not both at the same time.","statusCode":500,"success":false,"timestamp":"2024-03-06T17:28:06.008Z"}
{"data":null,"errors":[],"level":"error","message":"\nInvalid `prisma.product.findMany()` invocation:\n\n{\n  include: {\n  ~~~~~~~\n    image: true,\n    category: true,\n    subcategory: true\n  },\n  select: {\n  ~~~~~~\n    colours: false,\n    sizes: false,\n    description: false,\n    subcategory: false,\n    category_id: false,\n    is_featured: false,\n    out_of_stock: false,\n    is_published: false\n  },\n  skip: 0,\n  take: 10\n}\n\nPlease either use `include` or `select`, but not both at the same time.","statusCode":500,"success":false,"timestamp":"2024-03-06T17:29:12.771Z"}
{"data":null,"errors":[],"level":"error","message":"\nInvalid `prisma.product.findMany()` invocation:\n\n{\n  include: {\n  ~~~~~~~\n    image: true,\n    category: true,\n    subcategory: true\n  },\n  select: {\n  ~~~~~~\n    name: true,\n    slug: true,\n    price: true,\n    image: true\n  },\n  skip: 0,\n  take: 10\n}\n\nPlease either use `include` or `select`, but not both at the same time.","statusCode":500,"success":false,"timestamp":"2024-03-06T18:04:52.655Z"}
{"data":null,"errors":[],"level":"error","message":"Api not found","statusCode":404,"success":false,"timestamp":"2024-03-22T10:48:06.307Z"}
{"data":null,"errors":[],"level":"error","message":"Api not found","statusCode":404,"success":false,"timestamp":"2024-03-22T12:31:25.935Z"}
{"data":null,"errors":[],"level":"error","message":"Api not found","statusCode":404,"success":false,"timestamp":"2024-03-22T13:06:28.333Z"}
{"data":null,"errors":[],"level":"error","message":"Api not found","statusCode":404,"success":false,"timestamp":"2024-03-22T13:21:17.698Z"}
{"data":null,"errors":[],"level":"error","message":"Api not found","statusCode":404,"success":false,"timestamp":"2024-03-22T13:23:18.224Z"}
{"data":null,"errors":[],"level":"error","message":"Api not found","statusCode":404,"success":false,"timestamp":"2024-03-22T13:23:37.859Z"}
{"data":null,"errors":[],"level":"error","message":"Api not found","statusCode":404,"success":false,"timestamp":"2024-03-22T13:46:01.528Z"}
{"data":null,"errors":[],"level":"error","message":"Api not found","statusCode":404,"success":false,"timestamp":"2024-03-22T14:52:27.296Z"}
{"data":null,"errors":[],"level":"error","message":"Api not found","statusCode":404,"success":false,"timestamp":"2024-03-22T14:52:34.440Z"}
{"data":null,"errors":[],"level":"error","message":"Api not found","statusCode":404,"success":false,"timestamp":"2024-03-22T14:52:36.741Z"}
{"data":null,"errors":[],"level":"error","message":"Api not found","statusCode":404,"success":false,"timestamp":"2024-03-22T14:52:38.592Z"}
{"data":null,"errors":[],"level":"error","message":"Api not found","statusCode":404,"success":false,"timestamp":"2024-03-22T16:55:57.513Z"}
{"data":null,"errors":[],"level":"error","message":"Api not found","statusCode":404,"success":false,"timestamp":"2024-03-22T17:50:10.235Z"}
{"data":null,"errors":[],"level":"error","message":"Api not found","statusCode":404,"success":false,"timestamp":"2024-03-22T17:50:58.934Z"}
{"data":null,"errors":[],"level":"error","message":"Api not found","statusCode":404,"success":false,"timestamp":"2024-03-22T17:52:18.524Z"}
{"data":null,"errors":[],"level":"error","message":"Api not found","statusCode":404,"success":false,"timestamp":"2024-03-22T17:53:34.296Z"}
{"data":null,"errors":[],"level":"error","message":"Api not found","statusCode":404,"success":false,"timestamp":"2024-03-22T17:55:02.609Z"}
{"data":null,"errors":[],"level":"error","message":"Api not found","statusCode":404,"success":false,"timestamp":"2024-03-22T17:56:30.907Z"}
{"data":null,"errors":[],"level":"error","message":"Api not found","statusCode":404,"success":false,"timestamp":"2024-03-22T17:57:44.874Z"}
{"data":null,"errors":[],"level":"error","message":"Api not found","statusCode":404,"success":false,"timestamp":"2024-03-22T17:59:13.738Z"}
{"data":null,"errors":[],"level":"error","message":"Api not found","statusCode":404,"success":false,"timestamp":"2024-03-22T18:00:54.398Z"}
{"data":null,"errors":[],"level":"error","message":"Api not found","statusCode":404,"success":false,"timestamp":"2024-03-22T18:02:30.629Z"}
{"data":null,"errors":[],"level":"error","message":"Api not found","statusCode":404,"success":false,"timestamp":"2024-03-22T18:05:40.804Z"}
{"data":null,"errors":[],"level":"error","message":"Api not found","statusCode":404,"success":false,"timestamp":"2024-03-22T18:05:40.942Z"}
{"data":null,"errors":[],"level":"error","message":"Api not found","statusCode":404,"success":false,"timestamp":"2024-03-22T18:23:47.208Z"}
{"data":null,"errors":[],"level":"error","message":"Api not found","statusCode":404,"success":false,"timestamp":"2024-03-22T20:16:22.250Z"}
{"data":null,"errors":[],"level":"error","message":"Api not found","statusCode":404,"success":false,"timestamp":"2024-03-22T20:26:21.418Z"}
{"data":null,"errors":[],"level":"error","message":"Api not found","statusCode":404,"success":false,"timestamp":"2024-03-22T20:27:00.704Z"}
{"data":null,"errors":[],"level":"error","message":"Api not found","statusCode":404,"success":false,"timestamp":"2024-03-22T20:27:58.995Z"}
{"data":null,"errors":[],"level":"error","message":"Api not found","statusCode":404,"success":false,"timestamp":"2024-03-22T20:27:59.160Z"}
{"data":null,"errors":[],"level":"error","message":"Api not found","statusCode":404,"success":false,"timestamp":"2024-03-22T20:28:51.539Z"}
{"data":null,"errors":[],"level":"error","message":"Api not found","statusCode":404,"success":false,"timestamp":"2024-03-22T20:29:48.198Z"}
{"data":null,"errors":[],"level":"error","message":"Api not found","statusCode":404,"success":false,"timestamp":"2024-03-22T20:30:57.944Z"}
{"data":null,"errors":[],"level":"error","message":"Api not found","statusCode":404,"success":false,"timestamp":"2024-03-22T20:31:54.049Z"}
{"data":null,"errors":[],"level":"error","message":"Api not found","statusCode":404,"success":false,"timestamp":"2024-03-22T20:32:48.960Z"}
{"data":null,"errors":[],"level":"error","message":"Api not found","statusCode":404,"success":false,"timestamp":"2024-03-22T20:34:03.727Z"}
{"data":null,"errors":[],"level":"error","message":"Api not found","statusCode":404,"success":false,"timestamp":"2024-03-22T20:35:24.189Z"}
{"data":null,"errors":[],"level":"error","message":"Api not found","statusCode":404,"success":false,"timestamp":"2024-03-22T21:20:37.021Z"}
{"data":null,"errors":[],"level":"error","message":"Api not found","statusCode":404,"success":false,"timestamp":"2024-03-22T21:58:53.952Z"}
{"data":null,"errors":[],"level":"error","message":"Api not found","statusCode":404,"success":false,"timestamp":"2024-03-22T22:20:24.382Z"}
{"data":null,"errors":[],"level":"error","message":"Api not found","statusCode":404,"success":false,"timestamp":"2024-03-22T23:17:21.066Z"}
{"data":null,"errors":[],"level":"error","message":"Api not found","statusCode":404,"success":false,"timestamp":"2024-03-22T23:58:22.217Z"}
{"data":null,"errors":[],"level":"error","message":"Api not found","statusCode":404,"success":false,"timestamp":"2024-03-23T00:36:41.305Z"}
{"data":null,"errors":[],"level":"error","message":"Api not found","statusCode":404,"success":false,"timestamp":"2024-03-23T00:46:57.716Z"}
{"data":null,"errors":[],"level":"error","message":"Api not found","statusCode":404,"success":false,"timestamp":"2024-03-23T01:02:42.361Z"}
{"data":null,"errors":[],"level":"error","message":"Api not found","statusCode":404,"success":false,"timestamp":"2024-03-23T01:42:53.428Z"}
{"data":null,"errors":[],"level":"error","message":"Api not found","statusCode":404,"success":false,"timestamp":"2024-03-23T02:31:06.621Z"}
{"data":null,"errors":[],"level":"error","message":"Api not found","statusCode":404,"success":false,"timestamp":"2024-03-23T02:40:00.607Z"}
{"data":null,"errors":[],"level":"error","message":"Api not found","statusCode":404,"success":false,"timestamp":"2024-03-23T03:14:24.325Z"}
{"data":null,"errors":[],"level":"error","message":"Api not found","statusCode":404,"success":false,"timestamp":"2024-03-23T03:29:22.295Z"}
{"data":null,"errors":[],"level":"error","message":"Api not found","statusCode":404,"success":false,"timestamp":"2024-03-23T04:32:38.327Z"}
{"data":null,"errors":[],"level":"error","message":"Api not found","statusCode":404,"success":false,"timestamp":"2024-03-23T04:32:39.152Z"}
{"data":null,"errors":[],"level":"error","message":"Api not found","statusCode":404,"success":false,"timestamp":"2024-03-23T04:32:48.905Z"}
{"data":null,"errors":[],"level":"error","message":"Api not found","statusCode":404,"success":false,"timestamp":"2024-03-23T04:32:48.910Z"}
{"data":null,"errors":[],"level":"error","message":"Api not found","statusCode":404,"success":false,"timestamp":"2024-03-23T04:32:48.914Z"}
{"data":null,"errors":[],"level":"error","message":"Api not found","statusCode":404,"success":false,"timestamp":"2024-03-23T04:32:48.918Z"}
{"data":null,"errors":[],"level":"error","message":"Api not found","statusCode":404,"success":false,"timestamp":"2024-03-23T04:32:49.167Z"}
{"data":null,"errors":[],"level":"error","message":"Api not found","statusCode":404,"success":false,"timestamp":"2024-03-23T04:33:25.685Z"}
{"data":null,"errors":[],"level":"error","message":"Api not found","statusCode":404,"success":false,"timestamp":"2024-03-23T05:14:39.763Z"}
{"data":null,"errors":[],"level":"error","message":"Api not found","statusCode":404,"success":false,"timestamp":"2024-03-23T05:14:43.369Z"}
{"data":null,"errors":[],"level":"error","message":"Api not found","statusCode":404,"success":false,"timestamp":"2024-03-23T05:15:24.522Z"}
{"data":null,"errors":[],"level":"error","message":"Api not found","statusCode":404,"success":false,"timestamp":"2024-03-23T05:15:28.151Z"}
{"data":null,"errors":[],"level":"error","message":"Api not found","statusCode":404,"success":false,"timestamp":"2024-03-23T06:15:13.979Z"}
{"data":null,"errors":[],"level":"error","message":"Api not found","statusCode":404,"success":false,"timestamp":"2024-03-23T06:16:30.097Z"}
{"data":null,"errors":[],"level":"error","message":"Api not found","statusCode":404,"success":false,"timestamp":"2024-03-23T07:40:44.105Z"}
{"data":null,"errors":[],"level":"error","message":"Api not found","statusCode":404,"success":false,"timestamp":"2024-03-23T07:56:17.859Z"}
{"data":null,"errors":[],"level":"error","message":"Api not found","statusCode":404,"success":false,"timestamp":"2024-03-23T07:56:52.218Z"}
{"data":null,"errors":[],"level":"error","message":"Api not found","statusCode":404,"success":false,"timestamp":"2024-03-23T07:57:14.071Z"}
{"data":null,"errors":[],"level":"error","message":"Api not found","statusCode":404,"success":false,"timestamp":"2024-03-23T08:01:40.359Z"}
{"data":null,"errors":[],"level":"error","message":"Api not found","statusCode":404,"success":false,"timestamp":"2024-03-23T08:59:26.625Z"}
{"data":null,"errors":[],"level":"error","message":"Api not found","statusCode":404,"success":false,"timestamp":"2024-03-23T09:26:29.662Z"}
{"data":null,"errors":[],"level":"error","message":"Api not found","statusCode":404,"success":false,"timestamp":"2024-03-23T09:38:49.645Z"}
{"data":null,"errors":[],"level":"error","message":"Api not found","statusCode":404,"success":false,"timestamp":"2024-03-23T10:00:11.559Z"}
{"data":null,"errors":[],"level":"error","message":"Api not found","statusCode":404,"success":false,"timestamp":"2024-03-23T10:27:42.865Z"}
{"data":null,"errors":[],"level":"error","message":"Api not found","statusCode":404,"success":false,"timestamp":"2024-03-23T11:06:25.105Z"}
{"data":null,"errors":[],"level":"error","message":"Api not found","statusCode":404,"success":false,"timestamp":"2024-03-23T11:08:27.154Z"}
{"data":null,"errors":[],"level":"error","message":"Api not found","statusCode":404,"success":false,"timestamp":"2024-03-23T11:15:13.994Z"}
{"data":null,"errors":[],"level":"error","message":"Api not found","statusCode":404,"success":false,"timestamp":"2024-03-23T11:18:35.062Z"}
{"data":null,"errors":[],"level":"error","message":"Api not found","statusCode":404,"success":false,"timestamp":"2024-03-23T11:20:24.715Z"}
{"data":null,"errors":[],"level":"error","message":"Api not found","statusCode":404,"success":false,"timestamp":"2024-03-23T11:29:15.721Z"}
{"data":null,"errors":[],"level":"error","message":"Api not found","statusCode":404,"success":false,"timestamp":"2024-03-23T11:30:49.088Z"}
{"data":null,"errors":[],"level":"error","message":"Api not found","statusCode":404,"success":false,"timestamp":"2024-03-23T11:35:23.256Z"}
{"data":null,"errors":[],"level":"error","message":"Api not found","statusCode":404,"success":false,"timestamp":"2024-03-23T11:37:54.069Z"}
{"data":null,"errors":[],"level":"error","message":"Api not found","statusCode":404,"success":false,"timestamp":"2024-03-23T11:43:25.816Z"}
{"data":null,"errors":[],"level":"error","message":"Api not found","statusCode":404,"success":false,"timestamp":"2024-03-23T11:48:21.146Z"}
{"data":null,"errors":[],"level":"error","message":"Api not found","statusCode":404,"success":false,"timestamp":"2024-03-23T11:51:18.484Z"}
{"data":null,"errors":[],"level":"error","message":"Api not found","statusCode":404,"success":false,"timestamp":"2024-03-23T12:33:00.648Z"}
{"data":null,"errors":[],"level":"error","message":"Api not found","statusCode":404,"success":false,"timestamp":"2024-03-23T13:12:11.343Z"}
{"data":null,"errors":[],"level":"error","message":"Api not found","statusCode":404,"success":false,"timestamp":"2024-03-23T14:00:31.658Z"}
{"data":null,"errors":[],"level":"error","message":"Api not found","statusCode":404,"success":false,"timestamp":"2024-03-23T14:00:31.946Z"}
{"data":null,"errors":[],"level":"error","message":"Api not found","statusCode":404,"success":false,"timestamp":"2024-03-23T14:43:57.495Z"}
{"data":null,"errors":[],"level":"error","message":"Api not found","statusCode":404,"success":false,"timestamp":"2024-03-23T14:45:33.708Z"}
{"data":null,"errors":[],"level":"error","message":"Api not found","statusCode":404,"success":false,"timestamp":"2024-03-23T14:50:27.460Z"}
{"data":null,"errors":[],"level":"error","message":"Api not found","statusCode":404,"success":false,"timestamp":"2024-03-23T14:55:31.555Z"}
{"data":null,"errors":[],"level":"error","message":"Api not found","statusCode":404,"success":false,"timestamp":"2024-03-23T14:55:38.181Z"}
{"data":null,"errors":[],"level":"error","message":"Api not found","statusCode":404,"success":false,"timestamp":"2024-03-23T14:55:38.795Z"}
{"data":null,"errors":[],"level":"error","message":"Api not found","statusCode":404,"success":false,"timestamp":"2024-03-23T14:55:39.833Z"}
{"data":null,"errors":[],"level":"error","message":"Api not found","statusCode":404,"success":false,"timestamp":"2024-03-23T15:57:33.642Z"}
{"data":null,"errors":[],"level":"error","message":"Api not found","statusCode":404,"success":false,"timestamp":"2024-03-23T18:06:06.657Z"}
{"data":null,"errors":[],"level":"error","message":"Api not found","statusCode":404,"success":false,"timestamp":"2024-03-23T18:10:43.556Z"}
{"data":null,"errors":[],"level":"error","message":"Api not found","statusCode":404,"success":false,"timestamp":"2024-03-23T18:29:31.170Z"}
{"data":null,"errors":[],"level":"error","message":"Api not found","statusCode":404,"success":false,"timestamp":"2024-03-23T19:13:17.331Z"}
{"data":null,"errors":[],"level":"error","message":"Api not found","statusCode":404,"success":false,"timestamp":"2024-03-23T19:13:21.850Z"}
{"data":null,"errors":[],"level":"error","message":"Api not found","statusCode":404,"success":false,"timestamp":"2024-03-23T19:25:29.483Z"}
{"data":null,"errors":[],"level":"error","message":"Api not found","statusCode":404,"success":false,"timestamp":"2024-03-23T19:33:08.660Z"}
{"data":null,"errors":[],"level":"error","message":"Api not found","statusCode":404,"success":false,"timestamp":"2024-03-23T20:42:31.751Z"}
{"data":null,"errors":[],"level":"error","message":"Api not found","statusCode":404,"success":false,"timestamp":"2024-03-23T21:08:06.784Z"}
{"data":null,"errors":[],"level":"error","message":"Api not found","statusCode":404,"success":false,"timestamp":"2024-03-23T22:13:48.725Z"}
{"data":null,"errors":[],"level":"error","message":"Api not found","statusCode":404,"success":false,"timestamp":"2024-03-23T22:20:21.238Z"}
{"data":null,"errors":[],"level":"error","message":"Api not found","statusCode":404,"success":false,"timestamp":"2024-03-23T23:34:37.147Z"}
{"data":null,"errors":[],"level":"error","message":"Api not found","statusCode":404,"success":false,"timestamp":"2024-03-23T23:57:15.149Z"}
{"data":null,"errors":[],"level":"error","message":"Api not found","statusCode":404,"success":false,"timestamp":"2024-03-24T00:45:20.639Z"}
{"data":null,"errors":[],"level":"error","message":"Api not found","statusCode":404,"success":false,"timestamp":"2024-03-24T01:29:06.596Z"}
{"data":null,"errors":[],"level":"error","message":"Api not found","statusCode":404,"success":false,"timestamp":"2024-03-24T01:38:38.021Z"}
{"data":null,"errors":[],"level":"error","message":"Api not found","statusCode":404,"success":false,"timestamp":"2024-03-24T02:52:03.625Z"}
{"data":null,"errors":[],"level":"error","message":"Api not found","statusCode":404,"success":false,"timestamp":"2024-03-24T03:12:36.757Z"}
{"data":null,"errors":[],"level":"error","message":"Api not found","statusCode":404,"success":false,"timestamp":"2024-03-24T03:43:51.639Z"}
{"data":null,"errors":[],"level":"error","message":"Api not found","statusCode":404,"success":false,"timestamp":"2024-03-24T04:14:16.661Z"}
{"data":null,"errors":[],"level":"error","message":"Api not found","statusCode":404,"success":false,"timestamp":"2024-03-24T04:17:13.141Z"}
{"data":null,"errors":[],"level":"error","message":"Api not found","statusCode":404,"success":false,"timestamp":"2024-03-24T04:19:23.471Z"}
{"data":null,"errors":[],"level":"error","message":"Api not found","statusCode":404,"success":false,"timestamp":"2024-03-24T04:19:23.632Z"}
{"data":null,"errors":[],"level":"error","message":"Api not found","statusCode":404,"success":false,"timestamp":"2024-03-24T06:01:03.963Z"}
{"data":null,"errors":[],"level":"error","message":"Api not found","statusCode":404,"success":false,"timestamp":"2024-03-24T06:21:38.555Z"}
{"data":null,"errors":[],"level":"error","message":"Api not found","statusCode":404,"success":false,"timestamp":"2024-03-24T06:37:25.032Z"}
{"data":null,"errors":[],"level":"error","message":"Api not found","statusCode":404,"success":false,"timestamp":"2024-03-24T07:19:36.028Z"}
{"data":null,"errors":[],"level":"error","message":"Api not found","statusCode":404,"success":false,"timestamp":"2024-03-24T07:27:56.480Z"}
{"data":null,"errors":[],"level":"error","message":"Api not found","statusCode":404,"success":false,"timestamp":"2024-03-24T07:31:47.560Z"}
{"data":null,"errors":[],"level":"error","message":"Api not found","statusCode":404,"success":false,"timestamp":"2024-03-24T07:36:33.039Z"}
{"data":null,"errors":[],"level":"error","message":"Api not found","statusCode":404,"success":false,"timestamp":"2024-03-24T08:47:50.342Z"}
{"data":null,"errors":[],"level":"error","message":"Api not found","statusCode":404,"success":false,"timestamp":"2024-03-24T09:47:29.746Z"}
{"data":null,"errors":[],"level":"error","message":"Api not found","statusCode":404,"success":false,"timestamp":"2024-03-24T09:58:23.850Z"}
{"data":null,"errors":[],"level":"error","message":"Api not found","statusCode":404,"success":false,"timestamp":"2024-03-24T10:38:58.252Z"}
{"data":null,"errors":[],"level":"error","message":"Api not found","statusCode":404,"success":false,"timestamp":"2024-03-24T13:43:53.237Z"}
{"data":null,"errors":[],"level":"error","message":"Api not found","statusCode":404,"success":false,"timestamp":"2024-03-24T14:09:13.518Z"}
{"data":null,"errors":[],"level":"error","message":"Api not found","statusCode":404,"success":false,"timestamp":"2024-03-24T15:17:47.999Z"}
{"data":null,"errors":[],"level":"error","message":"Api not found","statusCode":404,"success":false,"timestamp":"2024-03-24T15:17:55.039Z"}
{"data":null,"errors":[],"level":"error","message":"Api not found","statusCode":404,"success":false,"timestamp":"2024-03-24T15:17:56.597Z"}
{"data":null,"errors":[],"level":"error","message":"Api not found","statusCode":404,"success":false,"timestamp":"2024-03-24T15:17:57.901Z"}
{"data":null,"errors":[],"level":"error","message":"Api not found","statusCode":404,"success":false,"timestamp":"2024-03-24T15:50:49.916Z"}
{"data":null,"errors":[],"level":"error","message":"Api not found","statusCode":404,"success":false,"timestamp":"2024-03-24T15:50:53.410Z"}
{"data":null,"errors":[],"level":"error","message":"Api not found","statusCode":404,"success":false,"timestamp":"2024-03-24T16:21:51.755Z"}
{"data":null,"errors":[],"level":"error","message":"Api not found","statusCode":404,"success":false,"timestamp":"2024-03-24T16:27:20.927Z"}
{"data":null,"errors":[],"level":"error","message":"Api not found","statusCode":404,"success":false,"timestamp":"2024-03-24T16:27:24.237Z"}
{"data":null,"errors":[],"level":"error","message":"Api not found","statusCode":404,"success":false,"timestamp":"2024-03-24T16:32:28.675Z"}
{"data":null,"errors":[],"level":"error","message":"Api not found","statusCode":404,"success":false,"timestamp":"2024-03-24T17:55:12.411Z"}
{"data":null,"errors":[],"level":"error","message":"Api not found","statusCode":404,"success":false,"timestamp":"2024-03-24T17:57:16.804Z"}
{"data":null,"errors":[],"level":"error","message":"Api not found","statusCode":404,"success":false,"timestamp":"2024-03-24T18:00:01.724Z"}
{"data":null,"errors":[],"level":"error","message":"Api not found","statusCode":404,"success":false,"timestamp":"2024-03-24T18:38:06.892Z"}
{"data":null,"errors":[],"level":"error","message":"Api not found","statusCode":404,"success":false,"timestamp":"2024-03-24T18:42:57.965Z"}
{"data":null,"errors":[],"level":"error","message":"Api not found","statusCode":404,"success":false,"timestamp":"2024-03-24T20:35:02.296Z"}
{"data":null,"errors":[],"level":"error","message":"Api not found","statusCode":404,"success":false,"timestamp":"2024-03-24T20:57:27.358Z"}
{"data":null,"errors":[],"level":"error","message":"Api not found","statusCode":404,"success":false,"timestamp":"2024-03-24T21:53:38.952Z"}
{"data":null,"errors":[],"level":"error","message":"Api not found","statusCode":404,"success":false,"timestamp":"2024-03-24T22:52:33.436Z"}
{"data":null,"errors":[],"level":"error","message":"Api not found","statusCode":404,"success":false,"timestamp":"2024-03-25T00:08:08.245Z"}
{"data":null,"errors":[],"level":"error","message":"Api not found","statusCode":404,"success":false,"timestamp":"2024-03-25T00:13:28.852Z"}
{"data":null,"errors":[],"level":"error","message":"Api not found","statusCode":404,"success":false,"timestamp":"2024-03-25T00:38:25.253Z"}
{"data":null,"errors":[],"level":"error","message":"Api not found","statusCode":404,"success":false,"timestamp":"2024-03-25T01:22:24.094Z"}
{"data":null,"errors":[],"level":"error","message":"Api not found","statusCode":404,"success":false,"timestamp":"2024-03-25T01:50:40.322Z"}
{"data":null,"errors":[],"level":"error","message":"Api not found","statusCode":404,"success":false,"timestamp":"2024-03-25T02:08:14.042Z"}
{"data":null,"errors":[],"level":"error","message":"Api not found","statusCode":404,"success":false,"timestamp":"2024-03-25T02:22:36.725Z"}
{"data":null,"errors":[],"level":"error","message":"Api not found","statusCode":404,"success":false,"timestamp":"2024-03-25T02:31:57.178Z"}
{"data":null,"errors":[],"level":"error","message":"Api not found","statusCode":404,"success":false,"timestamp":"2024-03-25T02:39:07.789Z"}
{"data":null,"errors":[],"level":"error","message":"Api not found","statusCode":404,"success":false,"timestamp":"2024-03-25T03:51:53.296Z"}
{"data":null,"errors":[],"level":"error","message":"Api not found","statusCode":404,"success":false,"timestamp":"2024-03-25T03:56:58.761Z"}
{"data":null,"errors":[],"level":"error","message":"Api not found","statusCode":404,"success":false,"timestamp":"2024-03-25T03:56:59.297Z"}
{"data":null,"errors":[],"level":"error","message":"Api not found","statusCode":404,"success":false,"timestamp":"2024-03-25T03:56:59.762Z"}
{"data":null,"errors":[],"level":"error","message":"Api not found","statusCode":404,"success":false,"timestamp":"2024-03-25T03:59:55.833Z"}
{"data":null,"errors":[],"level":"error","message":"Api not found","statusCode":404,"success":false,"timestamp":"2024-03-25T04:28:13.155Z"}
{"data":null,"errors":[],"level":"error","message":"Api not found","statusCode":404,"success":false,"timestamp":"2024-03-25T05:42:16.430Z"}
{"data":null,"errors":[],"level":"error","message":"Api not found","statusCode":404,"success":false,"timestamp":"2024-03-25T06:27:57.471Z"}
{"data":null,"errors":[],"level":"error","message":"Api not found","statusCode":404,"success":false,"timestamp":"2024-03-25T07:25:22.687Z"}
{"data":null,"errors":[],"level":"error","message":"Api not found","statusCode":404,"success":false,"timestamp":"2024-03-25T09:23:19.768Z"}
{"data":null,"errors":[],"level":"error","message":"Api not found","statusCode":404,"success":false,"timestamp":"2024-03-25T09:57:45.760Z"}
{"data":null,"errors":[],"level":"error","message":"Api not found","statusCode":404,"success":false,"timestamp":"2024-03-25T10:02:31.592Z"}
{"data":null,"errors":[],"level":"error","message":"Api not found","statusCode":404,"success":false,"timestamp":"2024-03-25T10:16:00.509Z"}
{"data":null,"errors":[],"level":"error","message":"Api not found","statusCode":404,"success":false,"timestamp":"2024-03-25T10:20:24.471Z"}
{"data":null,"errors":[],"level":"error","message":"Api not found","statusCode":404,"success":false,"timestamp":"2024-03-25T12:24:41.172Z"}
{"data":null,"errors":[],"level":"error","message":"Api not found","statusCode":404,"success":false,"timestamp":"2024-03-25T12:25:26.366Z"}
{"data":null,"errors":[],"level":"error","message":"Api not found","statusCode":404,"success":false,"timestamp":"2024-03-25T12:26:01.344Z"}
{"data":null,"errors":[],"level":"error","message":"Api not found","statusCode":404,"success":false,"timestamp":"2024-03-25T12:40:14.382Z"}
{"data":null,"errors":[],"level":"error","message":"Api not found","statusCode":404,"success":false,"timestamp":"2024-03-25T12:40:27.204Z"}
{"data":null,"errors":[],"level":"error","message":"Api not found","statusCode":404,"success":false,"timestamp":"2024-03-25T13:02:53.941Z"}
{"data":null,"errors":[],"level":"error","message":"Api not found","statusCode":404,"success":false,"timestamp":"2024-03-25T13:02:55.607Z"}
{"data":null,"errors":[],"level":"error","message":"Api not found","statusCode":404,"success":false,"timestamp":"2024-03-25T13:10:27.801Z"}
{"data":null,"errors":[],"level":"error","message":"Api not found","statusCode":404,"success":false,"timestamp":"2024-03-25T13:15:03.550Z"}
{"data":null,"errors":[],"level":"error","message":"Api not found","statusCode":404,"success":false,"timestamp":"2024-03-25T13:18:58.263Z"}
{"data":null,"errors":[],"level":"error","message":"Api not found","statusCode":404,"success":false,"timestamp":"2024-03-25T15:24:58.339Z"}
{"data":null,"errors":[],"level":"error","message":"Api not found","statusCode":404,"success":false,"timestamp":"2024-03-25T15:25:04.809Z"}
{"data":null,"errors":[],"level":"error","message":"Api not found","statusCode":404,"success":false,"timestamp":"2024-03-25T15:25:06.609Z"}
{"data":null,"errors":[],"level":"error","message":"Api not found","statusCode":404,"success":false,"timestamp":"2024-03-25T15:25:08.723Z"}
{"data":null,"errors":[],"level":"error","message":"Api not found","statusCode":404,"success":false,"timestamp":"2024-03-25T16:44:47.255Z"}
{"data":null,"errors":[],"level":"error","message":"Api not found","statusCode":404,"success":false,"timestamp":"2024-03-25T16:44:50.771Z"}
{"data":null,"errors":[],"level":"error","message":"Api not found","statusCode":404,"success":false,"timestamp":"2024-03-25T17:23:36.316Z"}
{"data":null,"errors":[],"level":"error","message":"Api not found","statusCode":404,"success":false,"timestamp":"2024-03-25T17:23:42.652Z"}
{"data":null,"errors":[],"level":"error","message":"Api not found","statusCode":404,"success":false,"timestamp":"2024-03-25T17:23:43.560Z"}
{"data":null,"errors":[],"level":"error","message":"Api not found","statusCode":404,"success":false,"timestamp":"2024-03-25T17:23:44.937Z"}
{"data":null,"errors":[],"level":"error","message":"Api not found","statusCode":404,"success":false,"timestamp":"2024-03-25T17:32:33.324Z"}
{"data":null,"errors":[],"level":"error","message":"Api not found","statusCode":404,"success":false,"timestamp":"2024-03-25T18:27:57.468Z"}
{"data":null,"errors":[],"level":"error","message":"Api not found","statusCode":404,"success":false,"timestamp":"2024-03-25T18:27:57.787Z"}
{"data":null,"errors":[],"level":"error","message":"Api not found","statusCode":404,"success":false,"timestamp":"2024-03-25T18:33:52.354Z"}
{"data":null,"errors":[],"level":"error","message":"Api not found","statusCode":404,"success":false,"timestamp":"2024-03-25T20:13:45.908Z"}
{"data":null,"errors":[],"level":"error","message":"Api not found","statusCode":404,"success":false,"timestamp":"2024-03-25T21:06:11.539Z"}
{"data":null,"errors":[],"level":"error","message":"Api not found","statusCode":404,"success":false,"timestamp":"2024-03-25T21:06:28.758Z"}
{"data":null,"errors":[],"level":"error","message":"Api not found","statusCode":404,"success":false,"timestamp":"2024-03-25T21:06:28.918Z"}
{"data":null,"errors":[],"level":"error","message":"Api not found","statusCode":404,"success":false,"timestamp":"2024-03-25T21:06:29.065Z"}
{"data":null,"errors":[],"level":"error","message":"Api not found","statusCode":404,"success":false,"timestamp":"2024-03-25T21:06:29.070Z"}
{"data":null,"errors":[],"level":"error","message":"Api not found","statusCode":404,"success":false,"timestamp":"2024-03-25T21:10:57.497Z"}
{"data":null,"errors":[],"level":"error","message":"Api not found","statusCode":404,"success":false,"timestamp":"2024-03-25T21:18:40.053Z"}
{"data":null,"errors":[],"level":"error","message":"Api not found","statusCode":404,"success":false,"timestamp":"2024-03-25T21:19:32.829Z"}
{"data":null,"errors":[],"level":"error","message":"Api not found","statusCode":404,"success":false,"timestamp":"2024-03-25T21:23:23.893Z"}
{"data":null,"errors":[],"level":"error","message":"Api not found","statusCode":404,"success":false,"timestamp":"2024-03-25T21:36:49.740Z"}
{"data":null,"errors":[],"level":"error","message":"Api not found","statusCode":404,"success":false,"timestamp":"2024-03-25T21:58:41.230Z"}
{"data":null,"errors":[],"level":"error","message":"Api not found","statusCode":404,"success":false,"timestamp":"2024-03-25T22:27:03.145Z"}
{"data":null,"errors":[],"level":"error","message":"Api not found","statusCode":404,"success":false,"timestamp":"2024-03-25T22:30:27.351Z"}
{"data":null,"errors":[],"level":"error","message":"Api not found","statusCode":404,"success":false,"timestamp":"2024-03-25T22:34:40.516Z"}
{"data":null,"errors":[],"level":"error","message":"Api not found","statusCode":404,"success":false,"timestamp":"2024-03-25T22:44:52.447Z"}
{"data":null,"errors":[],"level":"error","message":"Api not found","statusCode":404,"success":false,"timestamp":"2024-03-25T23:11:59.997Z"}
{"data":null,"errors":[],"level":"error","message":"Api not found","statusCode":404,"success":false,"timestamp":"2024-03-25T23:58:54.988Z"}
{"data":null,"errors":[],"level":"error","message":"Api not found","statusCode":404,"success":false,"timestamp":"2024-03-26T01:08:04.643Z"}
{"data":null,"errors":[],"level":"error","message":"Api not found","statusCode":404,"success":false,"timestamp":"2024-03-26T01:48:28.686Z"}
{"data":null,"errors":[],"level":"error","message":"Api not found","statusCode":404,"success":false,"timestamp":"2024-03-26T01:55:55.969Z"}
{"data":null,"errors":[],"level":"error","message":"Api not found","statusCode":404,"success":false,"timestamp":"2024-03-26T02:11:12.551Z"}
{"data":null,"errors":[],"level":"error","message":"Api not found","statusCode":404,"success":false,"timestamp":"2024-03-26T02:53:43.708Z"}
{"data":null,"errors":[],"level":"error","message":"Api not found","statusCode":404,"success":false,"timestamp":"2024-03-26T03:16:43.602Z"}
{"data":null,"errors":[],"level":"error","message":"Api not found","statusCode":404,"success":false,"timestamp":"2024-03-26T03:47:53.902Z"}
{"data":null,"errors":[],"level":"error","message":"Api not found","statusCode":404,"success":false,"timestamp":"2024-03-26T05:57:52.140Z"}
{"data":null,"errors":[],"level":"error","message":"Api not found","statusCode":404,"success":false,"timestamp":"2024-03-26T06:37:00.192Z"}
{"data":null,"errors":[],"level":"error","message":"Api not found","statusCode":404,"success":false,"timestamp":"2024-03-26T06:56:27.308Z"}
{"data":null,"errors":[],"level":"error","message":"Api not found","statusCode":404,"success":false,"timestamp":"2024-03-26T07:01:28.717Z"}
{"data":null,"errors":[],"level":"error","message":"Api not found","statusCode":404,"success":false,"timestamp":"2024-03-26T07:01:29.452Z"}
{"data":null,"errors":[],"level":"error","message":"Api not found","statusCode":404,"success":false,"timestamp":"2024-03-26T07:10:28.832Z"}
{"data":null,"errors":[],"level":"error","message":"Api not found","statusCode":404,"success":false,"timestamp":"2024-03-26T07:38:04.786Z"}
{"data":null,"errors":[],"level":"error","message":"Api not found","statusCode":404,"success":false,"timestamp":"2024-03-26T08:07:40.849Z"}
{"data":null,"errors":[],"level":"error","message":"Api not found","statusCode":404,"success":false,"timestamp":"2024-03-26T08:07:44.199Z"}
{"data":null,"errors":[],"level":"error","message":"Api not found","statusCode":404,"success":false,"timestamp":"2024-03-26T08:19:35.566Z"}
{"data":null,"errors":[],"level":"error","message":"Api not found","statusCode":404,"success":false,"timestamp":"2024-03-26T08:19:59.194Z"}
{"data":null,"errors":[],"level":"error","message":"Api not found","statusCode":404,"success":false,"timestamp":"2024-03-26T08:27:52.107Z"}
{"data":null,"errors":[],"level":"error","message":"Api not found","statusCode":404,"success":false,"timestamp":"2024-03-26T08:42:15.204Z"}
{"data":null,"errors":[],"level":"error","message":"Api not found","statusCode":404,"success":false,"timestamp":"2024-03-26T08:42:17.923Z"}
{"data":null,"errors":[],"level":"error","message":"Api not found","statusCode":404,"success":false,"timestamp":"2024-03-26T09:13:49.053Z"}
{"data":null,"errors":[],"level":"error","message":"Api not found","statusCode":404,"success":false,"timestamp":"2024-03-26T09:17:02.438Z"}
{"data":null,"errors":[],"level":"error","message":"Api not found","statusCode":404,"success":false,"timestamp":"2024-03-26T09:19:21.110Z"}
{"data":null,"errors":[],"level":"error","message":"Api not found","statusCode":404,"success":false,"timestamp":"2024-03-26T10:30:38.092Z"}
{"data":null,"errors":[],"level":"error","message":"Api not found","statusCode":404,"success":false,"timestamp":"2024-03-26T10:30:56.645Z"}
{"data":null,"errors":[],"level":"error","message":"Api not found","statusCode":404,"success":false,"timestamp":"2024-03-26T10:31:15.817Z"}
{"data":null,"errors":[],"level":"error","message":"Api not found","statusCode":404,"success":false,"timestamp":"2024-03-26T10:31:26.941Z"}
{"data":null,"errors":[],"level":"error","message":"Api not found","statusCode":404,"success":false,"timestamp":"2024-03-26T10:37:22.967Z"}
{"data":null,"errors":[],"level":"error","message":"Api not found","statusCode":404,"success":false,"timestamp":"2024-03-26T11:53:51.366Z"}
{"data":null,"errors":[],"level":"error","message":"Api not found","statusCode":404,"success":false,"timestamp":"2024-03-26T14:41:02.959Z"}
{"data":null,"errors":[],"level":"error","message":"Api not found","statusCode":404,"success":false,"timestamp":"2024-03-26T15:20:51.488Z"}
{"data":null,"errors":[],"level":"error","message":"Api not found","statusCode":404,"success":false,"timestamp":"2024-03-26T15:23:09.371Z"}
{"data":null,"errors":[],"level":"error","message":"Api not found","statusCode":404,"success":false,"timestamp":"2024-03-26T15:23:17.512Z"}
{"data":null,"errors":[],"level":"error","message":"Api not found","statusCode":404,"success":false,"timestamp":"2024-03-26T15:23:19.475Z"}
{"data":null,"errors":[],"level":"error","message":"Api not found","statusCode":404,"success":false,"timestamp":"2024-03-26T15:23:21.253Z"}
{"data":null,"errors":[],"level":"error","message":"Api not found","statusCode":404,"success":false,"timestamp":"2024-03-26T15:44:36.770Z"}
{"data":null,"errors":[],"level":"error","message":"Api not found","statusCode":404,"success":false,"timestamp":"2024-03-26T15:44:40.042Z"}
{"data":null,"errors":[],"level":"error","message":"Api not found","statusCode":404,"success":false,"timestamp":"2024-03-26T16:37:22.728Z"}
{"data":null,"errors":[],"level":"error","message":"Api not found","statusCode":404,"success":false,"timestamp":"2024-03-26T16:39:49.452Z"}
{"data":null,"errors":[],"level":"error","message":"Api not found","statusCode":404,"success":false,"timestamp":"2024-03-26T18:06:03.826Z"}
{"data":null,"errors":[],"level":"error","message":"Api not found","statusCode":404,"success":false,"timestamp":"2024-03-26T18:10:56.297Z"}
{"data":null,"errors":[],"level":"error","message":"Api not found","statusCode":404,"success":false,"timestamp":"2024-03-26T18:21:41.259Z"}
{"data":null,"errors":[],"level":"error","message":"Api not found","statusCode":404,"success":false,"timestamp":"2024-03-26T18:56:24.431Z"}
{"data":null,"errors":[],"level":"error","message":"Api not found","statusCode":404,"success":false,"timestamp":"2024-03-26T18:56:27.919Z"}
{"data":null,"errors":[],"level":"error","message":"Api not found","statusCode":404,"success":false,"timestamp":"2024-03-26T19:58:05.022Z"}
{"data":null,"errors":[],"level":"error","message":"Api not found","statusCode":404,"success":false,"timestamp":"2024-03-26T19:58:05.467Z"}
{"data":null,"errors":[],"level":"error","message":"Api not found","statusCode":404,"success":false,"timestamp":"2024-03-26T19:58:05.929Z"}
{"data":null,"errors":[],"level":"error","message":"Api not found","statusCode":404,"success":false,"timestamp":"2024-03-26T19:58:06.164Z"}
{"data":null,"errors":[],"level":"error","message":"Api not found","statusCode":404,"success":false,"timestamp":"2024-03-26T19:58:06.628Z"}
{"data":null,"errors":[],"level":"error","message":"Api not found","statusCode":404,"success":false,"timestamp":"2024-03-26T20:12:23.136Z"}
{"data":null,"errors":[],"level":"error","message":"Api not found","statusCode":404,"success":false,"timestamp":"2024-03-26T20:38:59.605Z"}
{"data":null,"errors":[],"level":"error","message":"Api not found","statusCode":404,"success":false,"timestamp":"2024-03-26T20:53:15.190Z"}
{"data":null,"errors":[],"level":"error","message":"Api not found","statusCode":404,"success":false,"timestamp":"2024-03-26T21:44:09.512Z"}
{"data":null,"errors":[],"level":"error","message":"Api not found","statusCode":404,"success":false,"timestamp":"2024-03-26T21:44:16.405Z"}
{"data":null,"errors":[],"level":"error","message":"Api not found","statusCode":404,"success":false,"timestamp":"2024-03-26T21:44:21.981Z"}
{"data":null,"errors":[],"level":"error","message":"Api not found","statusCode":404,"success":false,"timestamp":"2024-03-26T21:44:22.193Z"}
{"data":null,"errors":[],"level":"error","message":"Api not found","statusCode":404,"success":false,"timestamp":"2024-03-26T23:27:48.852Z"}
{"data":null,"errors":[],"level":"error","message":"Api not found","statusCode":404,"success":false,"timestamp":"2024-03-26T23:45:06.564Z"}
{"data":null,"errors":[],"level":"error","message":"Api not found","statusCode":404,"success":false,"timestamp":"2024-03-26T23:51:51.608Z"}
{"data":null,"errors":[],"level":"error","message":"Api not found","statusCode":404,"success":false,"timestamp":"2024-03-27T00:05:23.519Z"}
{"data":null,"errors":[],"level":"error","message":"Api not found","statusCode":404,"success":false,"timestamp":"2024-03-27T00:06:41.296Z"}
{"data":null,"errors":[],"level":"error","message":"Api not found","statusCode":404,"success":false,"timestamp":"2024-03-27T01:03:22.899Z"}
{"data":null,"errors":[],"level":"error","message":"Api not found","statusCode":404,"success":false,"timestamp":"2024-03-27T03:21:19.866Z"}
{"data":null,"errors":[],"level":"error","message":"Api not found","statusCode":404,"success":false,"timestamp":"2024-03-27T03:21:20.152Z"}
{"data":null,"errors":[],"level":"error","message":"Api not found","statusCode":404,"success":false,"timestamp":"2024-03-27T03:21:20.532Z"}
{"data":null,"errors":[],"level":"error","message":"Api not found","statusCode":404,"success":false,"timestamp":"2024-03-27T03:43:18.352Z"}
{"data":null,"errors":[],"level":"error","message":"Api not found","statusCode":404,"success":false,"timestamp":"2024-03-27T05:12:05.736Z"}
{"data":null,"errors":[],"level":"error","message":"Api not found","statusCode":404,"success":false,"timestamp":"2024-03-27T05:13:31.488Z"}
{"data":null,"errors":[],"level":"error","message":"Api not found","statusCode":404,"success":false,"timestamp":"2024-03-27T06:14:03.674Z"}
{"data":null,"errors":[],"level":"error","message":"Api not found","statusCode":404,"success":false,"timestamp":"2024-03-27T06:31:28.057Z"}
{"data":null,"errors":[],"level":"error","message":"Api not found","statusCode":404,"success":false,"timestamp":"2024-03-27T06:32:04.044Z"}
{"data":null,"errors":[],"level":"error","message":"Api not found","statusCode":404,"success":false,"timestamp":"2024-03-27T06:32:23.902Z"}
{"data":null,"errors":[],"level":"error","message":"Api not found","statusCode":404,"success":false,"timestamp":"2024-03-27T07:47:41.426Z"}
{"data":null,"errors":[],"level":"error","message":"Api not found","statusCode":404,"success":false,"timestamp":"2024-03-27T08:44:29.625Z"}
{"data":null,"errors":[],"level":"error","message":"Api not found","statusCode":404,"success":false,"timestamp":"2024-03-27T09:41:41.953Z"}
{"data":null,"errors":[],"level":"error","message":"Api not found","statusCode":404,"success":false,"timestamp":"2024-03-27T10:02:33.274Z"}
{"data":null,"errors":[],"level":"error","message":"Api not found","statusCode":404,"success":false,"timestamp":"2024-03-27T10:02:50.421Z"}
{"data":null,"errors":[],"level":"error","message":"Api not found","statusCode":404,"success":false,"timestamp":"2024-03-27T11:05:49.380Z"}
{"data":null,"errors":[],"level":"error","message":"Api not found","statusCode":404,"success":false,"timestamp":"2024-03-27T11:41:02.849Z"}
{"data":null,"errors":[],"level":"error","message":"Api not found","statusCode":404,"success":false,"timestamp":"2024-03-27T11:58:57.756Z"}
{"data":null,"errors":[],"level":"error","message":"Api not found","statusCode":404,"success":false,"timestamp":"2024-03-27T12:25:11.576Z"}
{"data":null,"errors":[],"level":"error","message":"Api not found","statusCode":404,"success":false,"timestamp":"2024-03-27T13:34:52.822Z"}
{"data":null,"errors":[],"level":"error","message":"Api not found","statusCode":404,"success":false,"timestamp":"2024-03-27T15:31:50.096Z"}
{"data":null,"errors":[],"level":"error","message":"Api not found","statusCode":404,"success":false,"timestamp":"2024-03-27T15:31:56.653Z"}
{"data":null,"errors":[],"level":"error","message":"Api not found","statusCode":404,"success":false,"timestamp":"2024-03-27T15:31:58.064Z"}
{"data":null,"errors":[],"level":"error","message":"Api not found","statusCode":404,"success":false,"timestamp":"2024-03-27T15:31:59.188Z"}
{"data":null,"errors":[],"level":"error","message":"Api not found","statusCode":404,"success":false,"timestamp":"2024-03-27T15:43:50.162Z"}
{"data":null,"errors":[],"level":"error","message":"Api not found","statusCode":404,"success":false,"timestamp":"2024-03-27T16:16:47.102Z"}
{"data":null,"errors":[],"level":"error","message":"Api not found","statusCode":404,"success":false,"timestamp":"2024-03-27T16:25:23.105Z"}
{"data":null,"errors":[],"level":"error","message":"Api not found","statusCode":404,"success":false,"timestamp":"2024-03-27T17:12:08.803Z"}
{"data":null,"errors":[],"level":"error","message":"Api not found","statusCode":404,"success":false,"timestamp":"2024-03-27T19:39:14.841Z"}
{"data":null,"errors":[],"level":"error","message":"Api not found","statusCode":404,"success":false,"timestamp":"2024-03-27T20:28:58.662Z"}
{"data":null,"errors":[],"level":"error","message":"Api not found","statusCode":404,"success":false,"timestamp":"2024-03-27T21:15:59.656Z"}
{"data":null,"errors":[],"level":"error","message":"Api not found","statusCode":404,"success":false,"timestamp":"2024-03-27T22:42:45.079Z"}
{"data":null,"errors":[],"level":"error","message":"Api not found","statusCode":404,"success":false,"timestamp":"2024-03-27T23:01:49.252Z"}
{"data":null,"errors":[],"level":"error","message":"Api not found","statusCode":404,"success":false,"timestamp":"2024-03-27T23:54:36.284Z"}
{"data":null,"errors":[],"level":"error","message":"Api not found","statusCode":404,"success":false,"timestamp":"2024-03-28T00:06:00.238Z"}
{"data":null,"errors":[],"level":"error","message":"Api not found","statusCode":404,"success":false,"timestamp":"2024-03-28T00:23:32.612Z"}
{"data":null,"errors":[],"level":"error","message":"Api not found","statusCode":404,"success":false,"timestamp":"2024-03-28T00:23:55.657Z"}
{"data":null,"errors":[],"level":"error","message":"Api not found","statusCode":404,"success":false,"timestamp":"2024-03-28T00:24:07.865Z"}
{"data":null,"errors":[],"level":"error","message":"Api not found","statusCode":404,"success":false,"timestamp":"2024-03-28T00:50:30.971Z"}
{"data":null,"errors":[],"level":"error","message":"Api not found","statusCode":404,"success":false,"timestamp":"2024-03-28T01:31:03.861Z"}
{"data":null,"errors":[],"level":"error","message":"Api not found","statusCode":404,"success":false,"timestamp":"2024-03-28T01:51:00.852Z"}
{"data":null,"errors":[],"level":"error","message":"Api not found","statusCode":404,"success":false,"timestamp":"2024-03-28T02:11:51.476Z"}
{"data":null,"errors":[],"level":"error","message":"Api not found","statusCode":404,"success":false,"timestamp":"2024-03-28T02:15:26.967Z"}
{"data":null,"errors":[],"level":"error","message":"Api not found","statusCode":404,"success":false,"timestamp":"2024-03-28T03:26:27.161Z"}
{"data":null,"errors":[],"level":"error","message":"Api not found","statusCode":404,"success":false,"timestamp":"2024-03-28T03:26:34.770Z"}
{"data":null,"errors":[],"level":"error","message":"Api not found","statusCode":404,"success":false,"timestamp":"2024-03-28T03:36:56.124Z"}
{"data":null,"errors":[],"level":"error","message":"Api not found","statusCode":404,"success":false,"timestamp":"2024-03-28T05:48:26.281Z"}
{"data":null,"errors":[],"level":"error","message":"Api not found","statusCode":404,"success":false,"timestamp":"2024-03-28T06:28:02.260Z"}
{"data":null,"errors":[],"level":"error","message":"Api not found","statusCode":404,"success":false,"timestamp":"2024-03-28T06:28:57.657Z"}
{"data":null,"errors":[],"level":"error","message":"Api not found","statusCode":404,"success":false,"timestamp":"2024-03-28T06:29:06.306Z"}
{"data":null,"errors":[],"level":"error","message":"Api not found","statusCode":404,"success":false,"timestamp":"2024-03-28T07:45:22.300Z"}
{"data":null,"errors":[],"level":"error","message":"Api not found","statusCode":404,"success":false,"timestamp":"2024-03-28T09:18:39.691Z"}
{"data":null,"errors":[],"level":"error","message":"Api not found","statusCode":404,"success":false,"timestamp":"2024-03-28T09:18:50.457Z"}
{"data":null,"errors":[],"level":"error","message":"Api not found","statusCode":404,"success":false,"timestamp":"2024-03-28T09:26:45.220Z"}
{"data":null,"errors":[],"level":"error","message":"Api not found","statusCode":404,"success":false,"timestamp":"2024-03-28T09:27:09.980Z"}
{"data":null,"errors":[],"level":"error","message":"Api not found","statusCode":404,"success":false,"timestamp":"2024-03-28T09:27:21.867Z"}
{"data":null,"errors":[],"level":"error","message":"Api not found","statusCode":404,"success":false,"timestamp":"2024-03-28T10:48:01.306Z"}
{"data":null,"errors":[],"level":"error","message":"Api not found","statusCode":404,"success":false,"timestamp":"2024-03-28T11:45:28.324Z"}
{"data":null,"errors":[],"level":"error","message":"Api not found","statusCode":404,"success":false,"timestamp":"2024-03-28T13:29:06.848Z"}
{"data":null,"errors":[],"level":"error","message":"Api not found","statusCode":404,"success":false,"timestamp":"2024-03-28T14:32:05.695Z"}
{"data":null,"errors":[],"level":"error","message":"Api not found","statusCode":404,"success":false,"timestamp":"2024-03-28T15:05:11.009Z"}
{"data":null,"errors":[],"level":"error","message":"Api not found","statusCode":404,"success":false,"timestamp":"2024-03-28T15:05:14.282Z"}
{"data":null,"errors":[],"level":"error","message":"Api not found","statusCode":404,"success":false,"timestamp":"2024-03-28T15:13:05.377Z"}
{"data":null,"errors":[],"level":"error","message":"Api not found","statusCode":404,"success":false,"timestamp":"2024-03-28T15:13:12.876Z"}
{"data":null,"errors":[],"level":"error","message":"Api not found","statusCode":404,"success":false,"timestamp":"2024-03-28T15:13:15.234Z"}
{"data":null,"errors":[],"level":"error","message":"Api not found","statusCode":404,"success":false,"timestamp":"2024-03-28T15:13:17.393Z"}
{"data":null,"errors":[],"level":"error","message":"Api not found","statusCode":404,"success":false,"timestamp":"2024-03-28T15:25:38.383Z"}
{"data":null,"errors":[],"level":"error","message":"Api not found","statusCode":404,"success":false,"timestamp":"2024-03-28T15:32:27.940Z"}
{"data":null,"errors":[],"level":"error","message":"Api not found","statusCode":404,"success":false,"timestamp":"2024-03-28T16:36:07.954Z"}
{"data":null,"errors":[],"level":"error","message":"Api not found","statusCode":404,"success":false,"timestamp":"2024-03-28T16:36:23.046Z"}
{"data":null,"errors":[],"level":"error","message":"Api not found","statusCode":404,"success":false,"timestamp":"2024-03-28T16:36:28.789Z"}
{"data":null,"errors":[],"level":"error","message":"Api not found","statusCode":404,"success":false,"timestamp":"2024-03-28T17:16:51.222Z"}
{"data":null,"errors":[],"level":"error","message":"Api not found","statusCode":404,"success":false,"timestamp":"2024-03-28T17:16:51.530Z"}
{"data":null,"errors":[],"level":"error","message":"Api not found","statusCode":404,"success":false,"timestamp":"2024-03-28T17:49:56.290Z"}
{"data":null,"errors":[],"level":"error","message":"Api not found","statusCode":404,"success":false,"timestamp":"2024-03-28T19:38:59.970Z"}
{"data":null,"errors":[],"level":"error","message":"Api not found","statusCode":404,"success":false,"timestamp":"2024-03-28T20:26:50.738Z"}
{"data":null,"errors":[],"level":"error","message":"Api not found","statusCode":404,"success":false,"timestamp":"2024-03-28T20:57:04.500Z"}
{"data":null,"errors":[],"level":"error","message":"Api not found","statusCode":404,"success":false,"timestamp":"2024-03-28T21:21:43.312Z"}
{"data":null,"errors":[],"level":"error","message":"Api not found","statusCode":404,"success":false,"timestamp":"2024-03-28T21:29:35.245Z"}
{"data":null,"errors":[],"level":"error","message":"Api not found","statusCode":404,"success":false,"timestamp":"2024-03-28T22:42:06.112Z"}
{"data":null,"errors":[],"level":"error","message":"Api not found","statusCode":404,"success":false,"timestamp":"2024-03-28T22:42:06.866Z"}
{"data":null,"errors":[],"level":"error","message":"Api not found","statusCode":404,"success":false,"timestamp":"2024-03-28T22:42:07.582Z"}
{"data":null,"errors":[],"level":"error","message":"Api not found","statusCode":404,"success":false,"timestamp":"2024-03-28T22:42:08.391Z"}
{"data":null,"errors":[],"level":"error","message":"Api not found","statusCode":404,"success":false,"timestamp":"2024-03-28T22:42:08.933Z"}
{"data":null,"errors":[],"level":"error","message":"Api not found","statusCode":404,"success":false,"timestamp":"2024-03-28T22:42:09.559Z"}
{"data":null,"errors":[],"level":"error","message":"Api not found","statusCode":404,"success":false,"timestamp":"2024-03-28T22:42:10.195Z"}
{"data":null,"errors":[],"level":"error","message":"Api not found","statusCode":404,"success":false,"timestamp":"2024-03-28T22:42:10.692Z"}
{"data":null,"errors":[],"level":"error","message":"Api not found","statusCode":404,"success":false,"timestamp":"2024-03-28T22:42:11.218Z"}
{"data":null,"errors":[],"level":"error","message":"Api not found","statusCode":404,"success":false,"timestamp":"2024-03-28T22:42:11.890Z"}
{"data":null,"errors":[],"level":"error","message":"Api not found","statusCode":404,"success":false,"timestamp":"2024-03-28T22:42:12.386Z"}
{"data":null,"errors":[],"level":"error","message":"Api not found","statusCode":404,"success":false,"timestamp":"2024-03-28T22:42:12.958Z"}
{"data":null,"errors":[],"level":"error","message":"Api not found","statusCode":404,"success":false,"timestamp":"2024-03-28T22:42:13.659Z"}
{"data":null,"errors":[],"level":"error","message":"Api not found","statusCode":404,"success":false,"timestamp":"2024-03-28T22:42:14.200Z"}
{"data":null,"errors":[],"level":"error","message":"Api not found","statusCode":404,"success":false,"timestamp":"2024-03-28T22:42:14.890Z"}
{"data":null,"errors":[],"level":"error","message":"Api not found","statusCode":404,"success":false,"timestamp":"2024-03-28T22:42:15.400Z"}
{"data":null,"errors":[],"level":"error","message":"Api not found","statusCode":404,"success":false,"timestamp":"2024-03-28T22:42:16.108Z"}
{"data":null,"errors":[],"level":"error","message":"Api not found","statusCode":404,"success":false,"timestamp":"2024-03-28T22:42:16.711Z"}
{"data":null,"errors":[],"level":"error","message":"Api not found","statusCode":404,"success":false,"timestamp":"2024-03-28T22:42:17.185Z"}
{"data":null,"errors":[],"level":"error","message":"Api not found","statusCode":404,"success":false,"timestamp":"2024-03-28T22:42:17.719Z"}
{"data":null,"errors":[],"level":"error","message":"Api not found","statusCode":404,"success":false,"timestamp":"2024-03-28T22:42:18.264Z"}
{"data":null,"errors":[],"level":"error","message":"Api not found","statusCode":404,"success":false,"timestamp":"2024-03-28T22:42:18.909Z"}
{"data":null,"errors":[],"level":"error","message":"Api not found","statusCode":404,"success":false,"timestamp":"2024-03-28T22:42:19.543Z"}
{"data":null,"errors":[],"level":"error","message":"Api not found","statusCode":404,"success":false,"timestamp":"2024-03-28T22:42:20.096Z"}
{"data":null,"errors":[],"level":"error","message":"Api not found","statusCode":404,"success":false,"timestamp":"2024-03-28T22:42:20.544Z"}
{"data":null,"errors":[],"level":"error","message":"Api not found","statusCode":404,"success":false,"timestamp":"2024-03-28T22:42:20.996Z"}
{"data":null,"errors":[],"level":"error","message":"Api not found","statusCode":404,"success":false,"timestamp":"2024-03-28T22:42:21.445Z"}
{"data":null,"errors":[],"level":"error","message":"Api not found","statusCode":404,"success":false,"timestamp":"2024-03-28T22:42:22.052Z"}
{"data":null,"errors":[],"level":"error","message":"Api not found","statusCode":404,"success":false,"timestamp":"2024-03-28T22:42:22.539Z"}
{"data":null,"errors":[],"level":"error","message":"Api not found","statusCode":404,"success":false,"timestamp":"2024-03-28T22:42:23.024Z"}
{"data":null,"errors":[],"level":"error","message":"Api not found","statusCode":404,"success":false,"timestamp":"2024-03-28T22:42:23.641Z"}
{"data":null,"errors":[],"level":"error","message":"Api not found","statusCode":404,"success":false,"timestamp":"2024-03-28T22:42:24.150Z"}
{"data":null,"errors":[],"level":"error","message":"Api not found","statusCode":404,"success":false,"timestamp":"2024-03-28T22:42:24.826Z"}
{"data":null,"errors":[],"level":"error","message":"Api not found","statusCode":404,"success":false,"timestamp":"2024-03-28T22:42:25.298Z"}
{"data":null,"errors":[],"level":"error","message":"Api not found","statusCode":404,"success":false,"timestamp":"2024-03-28T23:38:48.525Z"}
{"data":null,"errors":[],"level":"error","message":"Api not found","statusCode":404,"success":false,"timestamp":"2024-03-29T00:35:22.982Z"}
{"data":null,"errors":[],"level":"error","message":"Api not found","statusCode":404,"success":false,"timestamp":"2024-03-29T00:42:37.353Z"}
{"data":null,"errors":[],"level":"error","message":"Api not found","statusCode":404,"success":false,"timestamp":"2024-03-29T00:47:44.138Z"}
{"data":null,"errors":[],"level":"error","message":"Api not found","statusCode":404,"success":false,"timestamp":"2024-03-29T02:08:11.552Z"}
{"data":null,"errors":[],"level":"error","message":"Api not found","statusCode":404,"success":false,"timestamp":"2024-03-29T02:29:34.227Z"}
{"data":null,"errors":[],"level":"error","message":"Api not found","statusCode":404,"success":false,"timestamp":"2024-03-29T02:37:42.045Z"}
{"data":null,"errors":[],"level":"error","message":"Api not found","statusCode":404,"success":false,"timestamp":"2024-03-29T04:05:51.806Z"}
{"data":null,"errors":[],"level":"error","message":"Api not found","statusCode":404,"success":false,"timestamp":"2024-03-29T05:01:38.429Z"}
{"data":null,"errors":[],"level":"error","message":"Api not found","statusCode":404,"success":false,"timestamp":"2024-03-29T07:39:31.197Z"}
{"data":null,"errors":[],"level":"error","message":"Api not found","statusCode":404,"success":false,"timestamp":"2024-03-29T07:49:49.734Z"}
{"data":null,"errors":[],"level":"error","message":"Api not found","statusCode":404,"success":false,"timestamp":"2024-03-29T07:55:45.026Z"}
{"data":null,"errors":[],"level":"error","message":"Api not found","statusCode":404,"success":false,"timestamp":"2024-03-29T08:08:02.385Z"}
{"data":null,"errors":[],"level":"error","message":"Api not found","statusCode":404,"success":false,"timestamp":"2024-03-29T08:20:40.355Z"}
{"data":null,"errors":[],"level":"error","message":"Api not found","statusCode":404,"success":false,"timestamp":"2024-03-29T08:33:11.540Z"}
{"data":null,"errors":[],"level":"error","message":"Api not found","statusCode":404,"success":false,"timestamp":"2024-03-29T08:44:22.387Z"}
{"data":null,"errors":[],"level":"error","message":"Api not found","statusCode":404,"success":false,"timestamp":"2024-03-29T08:53:53.236Z"}
{"data":null,"errors":[],"level":"error","message":"Api not found","statusCode":404,"success":false,"timestamp":"2024-03-29T09:03:33.359Z"}
{"data":null,"errors":[],"level":"error","message":"Api not found","statusCode":404,"success":false,"timestamp":"2024-03-29T09:16:05.661Z"}
{"data":null,"errors":[],"level":"error","message":"Api not found","statusCode":404,"success":false,"timestamp":"2024-03-29T09:22:01.015Z"}
{"data":null,"errors":[],"level":"error","message":"Api not found","statusCode":404,"success":false,"timestamp":"2024-03-29T09:22:38.072Z"}
{"data":null,"errors":[],"level":"error","message":"Api not found","statusCode":404,"success":false,"timestamp":"2024-03-29T09:28:25.541Z"}
{"data":null,"errors":[],"level":"error","message":"Api not found","statusCode":404,"success":false,"timestamp":"2024-03-29T09:36:10.137Z"}
{"data":null,"errors":[],"level":"error","message":"Api not found","statusCode":404,"success":false,"timestamp":"2024-03-29T09:45:24.876Z"}
{"data":null,"errors":[],"level":"error","message":"Api not found","statusCode":404,"success":false,"timestamp":"2024-03-29T10:14:10.959Z"}
{"data":null,"errors":[],"level":"error","message":"Api not found","statusCode":404,"success":false,"timestamp":"2024-03-29T10:14:54.783Z"}
{"data":null,"errors":[],"level":"error","message":"Api not found","statusCode":404,"success":false,"timestamp":"2024-03-29T10:15:25.400Z"}
{"data":null,"errors":[],"level":"error","message":"Api not found","statusCode":404,"success":false,"timestamp":"2024-03-29T10:31:22.099Z"}
{"data":null,"errors":[],"level":"error","message":"Api not found","statusCode":404,"success":false,"timestamp":"2024-03-29T11:35:30.443Z"}
{"data":null,"errors":[],"level":"error","message":"Api not found","statusCode":404,"success":false,"timestamp":"2024-03-29T11:37:41.817Z"}
{"data":null,"errors":[],"level":"error","message":"Api not found","statusCode":404,"success":false,"timestamp":"2024-03-29T11:39:31.548Z"}
{"data":null,"errors":[],"level":"error","message":"Api not found","statusCode":404,"success":false,"timestamp":"2024-03-29T12:30:26.482Z"}
{"data":null,"errors":[],"level":"error","message":"Api not found","statusCode":404,"success":false,"timestamp":"2024-03-29T12:42:48.886Z"}
{"data":null,"errors":[],"level":"error","message":"Api not found","statusCode":404,"success":false,"timestamp":"2024-03-29T14:10:40.745Z"}
{"data":null,"errors":[],"level":"error","message":"Api not found","statusCode":404,"success":false,"timestamp":"2024-03-29T14:10:44.059Z"}
{"data":null,"errors":[],"level":"error","message":"Api not found","statusCode":404,"success":false,"timestamp":"2024-03-29T16:34:51.804Z"}
{"data":null,"errors":[],"level":"error","message":"Api not found","statusCode":404,"success":false,"timestamp":"2024-03-29T17:39:59.841Z"}
{"data":null,"errors":[],"level":"error","message":"Api not found","statusCode":404,"success":false,"timestamp":"2024-03-29T18:02:24.691Z"}
{"data":null,"errors":[],"level":"error","message":"Api not found","statusCode":404,"success":false,"timestamp":"2024-03-29T18:42:17.612Z"}
{"data":null,"errors":[],"level":"error","message":"Api not found","statusCode":404,"success":false,"timestamp":"2024-03-29T18:43:49.376Z"}
{"data":null,"errors":[],"level":"error","message":"Api not found","statusCode":404,"success":false,"timestamp":"2024-03-29T19:03:36.147Z"}
{"data":null,"errors":[],"level":"error","message":"Api not found","statusCode":404,"success":false,"timestamp":"2024-03-29T19:31:58.322Z"}
{"data":null,"errors":[],"level":"error","message":"Api not found","statusCode":404,"success":false,"timestamp":"2024-03-29T19:58:36.260Z"}
{"data":null,"errors":[],"level":"error","message":"Api not found","statusCode":404,"success":false,"timestamp":"2024-03-29T20:34:34.058Z"}
{"data":null,"errors":[],"level":"error","message":"Api not found","statusCode":404,"success":false,"timestamp":"2024-03-29T20:51:49.989Z"}
{"data":null,"errors":[],"level":"error","message":"Api not found","statusCode":404,"success":false,"timestamp":"2024-03-29T23:00:00.851Z"}
{"data":null,"errors":[],"level":"error","message":"Api not found","statusCode":404,"success":false,"timestamp":"2024-03-29T23:29:53.049Z"}
{"data":null,"errors":[],"level":"error","message":"Api not found","statusCode":404,"success":false,"timestamp":"2024-03-30T00:40:02.389Z"}
{"data":null,"errors":[],"level":"error","message":"Api not found","statusCode":404,"success":false,"timestamp":"2024-03-30T00:40:38.880Z"}
{"data":null,"errors":[],"level":"error","message":"Api not found","statusCode":404,"success":false,"timestamp":"2024-03-30T01:25:55.777Z"}
{"data":null,"errors":[],"level":"error","message":"Api not found","statusCode":404,"success":false,"timestamp":"2024-03-30T01:41:40.638Z"}
{"data":null,"errors":[],"level":"error","message":"Api not found","statusCode":404,"success":false,"timestamp":"2024-03-30T02:58:02.184Z"}
{"data":null,"errors":[],"level":"error","message":"Api not found","statusCode":404,"success":false,"timestamp":"2024-03-30T03:08:40.533Z"}
{"data":null,"errors":[],"level":"error","message":"Api not found","statusCode":404,"success":false,"timestamp":"2024-03-30T03:19:35.406Z"}
{"data":null,"errors":[],"level":"error","message":"Api not found","statusCode":404,"success":false,"timestamp":"2024-03-30T03:36:01.456Z"}
{"data":null,"errors":[],"level":"error","message":"Api not found","statusCode":404,"success":false,"timestamp":"2024-03-30T04:51:02.206Z"}
{"data":null,"errors":[],"level":"error","message":"Api not found","statusCode":404,"success":false,"timestamp":"2024-03-30T04:51:38.222Z"}
{"data":null,"errors":[],"level":"error","message":"Api not found","statusCode":404,"success":false,"timestamp":"2024-03-30T04:52:09.927Z"}
{"data":null,"errors":[],"level":"error","message":"Api not found","statusCode":404,"success":false,"timestamp":"2024-03-30T05:01:16.124Z"}
{"data":null,"errors":[],"level":"error","message":"Api not found","statusCode":404,"success":false,"timestamp":"2024-03-30T06:17:53.762Z"}
{"data":null,"errors":[],"level":"error","message":"Api not found","statusCode":404,"success":false,"timestamp":"2024-03-30T06:50:13.071Z"}
{"data":null,"errors":[],"level":"error","message":"Api not found","statusCode":404,"success":false,"timestamp":"2024-03-30T06:53:23.685Z"}
{"data":null,"errors":[],"level":"error","message":"Api not found","statusCode":404,"success":false,"timestamp":"2024-03-30T08:36:41.638Z"}
{"data":null,"errors":[],"level":"error","message":"Api not found","statusCode":404,"success":false,"timestamp":"2024-03-30T08:49:33.550Z"}
{"data":null,"errors":[],"level":"error","message":"Api not found","statusCode":404,"success":false,"timestamp":"2024-03-30T09:01:02.439Z"}
{"data":null,"errors":[],"level":"error","message":"Api not found","statusCode":404,"success":false,"timestamp":"2024-03-30T09:19:36.416Z"}
{"data":null,"errors":[],"level":"error","message":"Api not found","statusCode":404,"success":false,"timestamp":"2024-03-30T09:19:49.321Z"}
{"data":null,"errors":[],"level":"error","message":"Api not found","statusCode":404,"success":false,"timestamp":"2024-03-30T09:55:59.162Z"}
{"data":null,"errors":[],"level":"error","message":"Api not found","statusCode":404,"success":false,"timestamp":"2024-03-30T09:56:04.880Z"}
{"data":null,"errors":[],"level":"error","message":"Api not found","statusCode":404,"success":false,"timestamp":"2024-03-30T09:56:05.878Z"}
{"data":null,"errors":[],"level":"error","message":"Api not found","statusCode":404,"success":false,"timestamp":"2024-03-30T09:56:07.046Z"}
{"data":null,"errors":[],"level":"error","message":"Api not found","statusCode":404,"success":false,"timestamp":"2024-03-30T09:59:13.488Z"}
{"data":null,"errors":[],"level":"error","message":"Api not found","statusCode":404,"success":false,"timestamp":"2024-03-30T09:59:19.586Z"}
{"data":null,"errors":[],"level":"error","message":"Api not found","statusCode":404,"success":false,"timestamp":"2024-03-30T10:17:40.787Z"}
{"data":null,"errors":[],"level":"error","message":"Api not found","statusCode":404,"success":false,"timestamp":"2024-03-30T10:39:32.272Z"}
{"data":null,"errors":[],"level":"error","message":"Api not found","statusCode":404,"success":false,"timestamp":"2024-03-30T10:53:25.783Z"}
{"data":null,"errors":[],"level":"error","message":"Api not found","statusCode":404,"success":false,"timestamp":"2024-03-30T11:07:31.026Z"}
{"data":null,"errors":[],"level":"error","message":"Api not found","statusCode":404,"success":false,"timestamp":"2024-03-30T11:36:59.294Z"}
{"data":null,"errors":[],"level":"error","message":"Api not found","statusCode":404,"success":false,"timestamp":"2024-03-30T12:40:49.666Z"}
{"data":null,"errors":[],"level":"error","message":"Api not found","statusCode":404,"success":false,"timestamp":"2024-03-30T12:51:21.465Z"}
{"data":null,"errors":[],"level":"error","message":"Api not found","statusCode":404,"success":false,"timestamp":"2024-03-30T13:03:41.900Z"}
{"data":null,"errors":[],"level":"error","message":"Api not found","statusCode":404,"success":false,"timestamp":"2024-03-30T13:51:09.368Z"}
{"data":null,"errors":[],"level":"error","message":"Api not found","statusCode":404,"success":false,"timestamp":"2024-03-30T14:30:26.979Z"}
{"data":null,"errors":[],"level":"error","message":"Api not found","statusCode":404,"success":false,"timestamp":"2024-03-30T14:44:29.136Z"}
{"data":null,"errors":[],"level":"error","message":"Api not found","statusCode":404,"success":false,"timestamp":"2024-03-30T15:01:06.046Z"}
{"data":null,"errors":[],"level":"error","message":"Api not found","statusCode":404,"success":false,"timestamp":"2024-03-30T15:01:10.538Z"}
{"data":null,"errors":[],"level":"error","message":"Api not found","statusCode":404,"success":false,"timestamp":"2024-03-30T15:09:56.843Z"}
{"data":null,"errors":[],"level":"error","message":"Api not found","statusCode":404,"success":false,"timestamp":"2024-03-30T15:42:39.109Z"}
{"data":null,"errors":[],"level":"error","message":"Api not found","statusCode":404,"success":false,"timestamp":"2024-03-30T16:28:36.376Z"}
{"data":null,"errors":[],"level":"error","message":"Api not found","statusCode":404,"success":false,"timestamp":"2024-03-30T16:42:43.296Z"}
{"data":null,"errors":[],"level":"error","message":"Api not found","statusCode":404,"success":false,"timestamp":"2024-03-30T17:04:37.021Z"}
{"data":null,"errors":[],"level":"error","message":"Api not found","statusCode":404,"success":false,"timestamp":"2024-03-30T17:30:28.676Z"}
{"data":null,"errors":[],"level":"error","message":"Api not found","statusCode":404,"success":false,"timestamp":"2024-03-30T19:15:08.064Z"}
{"data":null,"errors":[],"level":"error","message":"Api not found","statusCode":404,"success":false,"timestamp":"2024-03-30T20:23:11.344Z"}
{"data":null,"errors":[],"level":"error","message":"Api not found","statusCode":404,"success":false,"timestamp":"2024-03-30T22:30:27.103Z"}
{"data":null,"errors":[],"level":"error","message":"Api not found","statusCode":404,"success":false,"timestamp":"2024-03-30T23:41:26.057Z"}
{"data":null,"errors":[],"level":"error","message":"Api not found","statusCode":404,"success":false,"timestamp":"2024-03-31T01:16:26.798Z"}
{"data":null,"errors":[],"level":"error","message":"Api not found","statusCode":404,"success":false,"timestamp":"2024-03-31T01:52:55.219Z"}
{"data":null,"errors":[],"level":"error","message":"Api not found","statusCode":404,"success":false,"timestamp":"2024-03-31T03:18:10.893Z"}
{"data":null,"errors":[],"level":"error","message":"Api not found","statusCode":404,"success":false,"timestamp":"2024-03-31T03:21:58.661Z"}
{"data":null,"errors":[],"level":"error","message":"Api not found","statusCode":404,"success":false,"timestamp":"2024-03-31T05:53:07.735Z"}
{"data":null,"errors":[],"level":"error","message":"Api not found","statusCode":404,"success":false,"timestamp":"2024-03-31T06:39:32.942Z"}
{"data":null,"errors":[],"level":"error","message":"Api not found","statusCode":404,"success":false,"timestamp":"2024-03-31T06:39:36.212Z"}
{"data":null,"errors":[],"level":"error","message":"Api not found","statusCode":404,"success":false,"timestamp":"2024-03-31T07:26:45.928Z"}
{"data":null,"errors":[],"level":"error","message":"User Not Found","statusCode":404,"success":false,"timestamp":"2024-03-31T07:29:10.358Z"}
{"data":null,"errors":[],"level":"error","message":"User Not Found","statusCode":404,"success":false,"timestamp":"2024-03-31T07:31:55.425Z"}
{"data":null,"errors":[],"level":"error","message":"User Not Found","statusCode":404,"success":false,"timestamp":"2024-03-31T07:38:21.043Z"}
{"data":null,"errors":[],"level":"error","message":"User Not Found","statusCode":404,"success":false,"timestamp":"2024-03-31T07:38:50.377Z"}
{"data":null,"errors":[],"level":"error","message":"User Not Found","statusCode":404,"success":false,"timestamp":"2024-03-31T07:39:18.868Z"}
{"data":null,"errors":[],"level":"error","message":"User Not Found","statusCode":404,"success":false,"timestamp":"2024-03-31T07:45:50.458Z"}
{"data":null,"errors":[],"level":"error","message":"User Not Found","statusCode":404,"success":false,"timestamp":"2024-03-31T07:46:21.875Z"}
{"data":null,"errors":[],"level":"error","message":"User Not Found","statusCode":404,"success":false,"timestamp":"2024-03-31T07:47:38.602Z"}
{"data":null,"errors":[],"level":"error","message":"User Not Found","statusCode":404,"success":false,"timestamp":"2024-03-31T07:48:08.998Z"}
{"data":null,"errors":[],"level":"error","message":"User Not Found","statusCode":404,"success":false,"timestamp":"2024-03-31T07:48:55.027Z"}
{"data":null,"errors":[],"level":"error","message":"User Not Found","statusCode":404,"success":false,"timestamp":"2024-03-31T07:51:34.548Z"}
{"data":null,"errors":[],"level":"error","message":"User Not Found","statusCode":404,"success":false,"timestamp":"2024-03-31T07:52:47.209Z"}
{"data":null,"errors":[],"level":"error","message":"User Not Found","statusCode":404,"success":false,"timestamp":"2024-03-31T07:53:33.137Z"}
{"data":null,"errors":[],"level":"error","message":"User Not Found","statusCode":404,"success":false,"timestamp":"2024-03-31T07:54:03.162Z"}
{"data":null,"errors":[],"level":"error","message":"User Not Found","statusCode":404,"success":false,"timestamp":"2024-03-31T07:54:40.491Z"}
{"data":null,"errors":[],"level":"error","message":"User Not Found","statusCode":404,"success":false,"timestamp":"2024-03-31T07:55:48.841Z"}
{"data":null,"errors":[],"level":"error","message":"User Not Found","statusCode":404,"success":false,"timestamp":"2024-03-31T07:58:22.366Z"}
{"data":null,"errors":[],"level":"error","message":"User Not Found","statusCode":404,"success":false,"timestamp":"2024-03-31T07:59:24.181Z"}
{"data":null,"errors":[],"level":"error","message":"User Not Found","statusCode":404,"success":false,"timestamp":"2024-03-31T08:01:04.767Z"}
{"data":null,"errors":[],"level":"error","message":"User Not Found","statusCode":404,"success":false,"timestamp":"2024-03-31T08:03:54.739Z"}
{"data":null,"errors":[],"level":"error","message":"User Not Found","statusCode":404,"success":false,"timestamp":"2024-03-31T08:07:02.411Z"}
{"data":null,"errors":[],"level":"error","message":"User Not Found","statusCode":404,"success":false,"timestamp":"2024-03-31T08:07:33.866Z"}
{"data":null,"errors":[],"level":"error","message":"User Not Found","statusCode":404,"success":false,"timestamp":"2024-03-31T08:08:10.274Z"}
{"data":null,"errors":[],"level":"error","message":"User Not Found","statusCode":404,"success":false,"timestamp":"2024-03-31T08:09:17.029Z"}
{"data":null,"errors":[],"level":"error","message":"User Not Found","statusCode":404,"success":false,"timestamp":"2024-03-31T08:10:20.064Z"}
{"data":null,"errors":[],"level":"error","message":"Api not found","statusCode":404,"success":false,"timestamp":"2024-03-31T08:41:34.021Z"}
{"data":null,"errors":[],"level":"error","message":"Api not found","statusCode":404,"success":false,"timestamp":"2024-03-31T08:43:14.416Z"}
{"data":null,"errors":[],"level":"error","message":"User Not Found","statusCode":404,"success":false,"timestamp":"2024-03-31T08:56:52.131Z"}
{"data":null,"errors":[],"level":"error","message":"User Not Found","statusCode":404,"success":false,"timestamp":"2024-03-31T08:58:52.841Z"}
{"data":null,"errors":[],"level":"error","message":"Api not found","statusCode":404,"success":false,"timestamp":"2024-03-31T09:05:05.207Z"}
{"data":null,"errors":[],"level":"error","message":"User Not Found","statusCode":404,"success":false,"timestamp":"2024-03-31T09:05:34.843Z"}
{"data":null,"errors":[],"level":"error","message":"Api not found","statusCode":404,"success":false,"timestamp":"2024-03-31T09:24:09.535Z"}
{"data":null,"errors":[],"level":"error","message":"User Not Found","statusCode":404,"success":false,"timestamp":"2024-03-31T09:30:25.994Z"}
{"data":null,"errors":[],"level":"error","message":"User Not Found","statusCode":404,"success":false,"timestamp":"2024-03-31T09:31:55.640Z"}
{"data":null,"errors":[],"level":"error","message":"Api not found","statusCode":404,"success":false,"timestamp":"2024-03-31T09:49:19.120Z"}
{"data":null,"errors":[],"level":"error","message":"Api not found","statusCode":404,"success":false,"timestamp":"2024-03-31T09:49:25.353Z"}
{"data":null,"errors":[],"level":"error","message":"Api not found","statusCode":404,"success":false,"timestamp":"2024-03-31T09:49:26.370Z"}
{"data":null,"errors":[],"level":"error","message":"Api not found","statusCode":404,"success":false,"timestamp":"2024-03-31T09:49:27.645Z"}
{"data":null,"errors":[],"level":"error","message":"Unauthorized request","statusCode":401,"success":false,"timestamp":"2024-03-31T10:01:08.945Z"}
{"data":null,"errors":[],"level":"error","message":"Api not found","statusCode":404,"success":false,"timestamp":"2024-03-31T10:01:46.326Z"}
{"data":null,"errors":[],"level":"error","message":"Api not found","statusCode":404,"success":false,"timestamp":"2024-03-31T10:01:54.105Z"}
{"data":null,"errors":[],"level":"error","message":"Api not found","statusCode":404,"success":false,"timestamp":"2024-03-31T10:01:58.575Z"}
{"data":null,"errors":[],"level":"error","message":"Unauthorized request","statusCode":401,"success":false,"timestamp":"2024-03-31T10:05:04.447Z"}
{"data":null,"errors":[],"level":"error","message":"Unauthorized request","statusCode":401,"success":false,"timestamp":"2024-03-31T10:40:19.210Z"}
